mode: atomic
golanglearning/new_project/for-gong-zhong-hao/Concurrent-practice/async/async.go:20.25,22.12 1 1
golanglearning/new_project/for-gong-zhong-hao/Concurrent-practice/async/async.go:22.12,25.3 2 1
golanglearning/new_project/for-gong-zhong-hao/Concurrent-practice/async/async.go:30.21,32.30 1 1
golanglearning/new_project/for-gong-zhong-hao/Concurrent-practice/async/async.go:32.30,34.10 2 1
golanglearning/new_project/for-gong-zhong-hao/Concurrent-practice/async/async.go:37.3,37.19 1 1
golanglearning/new_project/for-gong-zhong-hao/Concurrent-practice/async/async.go:34.10,36.4 1 0
golanglearning/new_project/for-gong-zhong-hao/Concurrent-practice/chan-pracitce/demo1.go:9.26,13.12 2 1
golanglearning/new_project/for-gong-zhong-hao/Concurrent-practice/chan-pracitce/demo1.go:19.2,19.11 1 1
golanglearning/new_project/for-gong-zhong-hao/Concurrent-practice/chan-pracitce/demo1.go:13.12,14.7 1 1
golanglearning/new_project/for-gong-zhong-hao/Concurrent-practice/chan-pracitce/demo1.go:14.7,16.4 1 21
golanglearning/new_project/for-gong-zhong-hao/Concurrent-practice/chan-pracitce/demo2.go:9.32,11.12 2 231
golanglearning/new_project/for-gong-zhong-hao/Concurrent-practice/chan-pracitce/demo2.go:16.2,16.11 1 231
golanglearning/new_project/for-gong-zhong-hao/Concurrent-practice/chan-pracitce/demo2.go:11.12,12.7 1 231
golanglearning/new_project/for-gong-zhong-hao/Concurrent-practice/chan-pracitce/demo2.go:12.7,14.4 1 2545
golanglearning/new_project/for-gong-zhong-hao/Concurrent-practice/chan-pracitce/demo2.go:19.32,21.12 2 231
golanglearning/new_project/for-gong-zhong-hao/Concurrent-practice/chan-pracitce/demo2.go:26.2,26.11 1 231
golanglearning/new_project/for-gong-zhong-hao/Concurrent-practice/chan-pracitce/demo2.go:21.12,22.7 1 231
golanglearning/new_project/for-gong-zhong-hao/Concurrent-practice/chan-pracitce/demo2.go:22.7,24.4 1 2768
golanglearning/new_project/for-gong-zhong-hao/Concurrent-practice/chan-pracitce/demo2.go:30.36,33.12 2 1
golanglearning/new_project/for-gong-zhong-hao/Concurrent-practice/chan-pracitce/demo2.go:44.2,44.11 1 1
golanglearning/new_project/for-gong-zhong-hao/Concurrent-practice/chan-pracitce/demo2.go:33.12,34.7 1 1
golanglearning/new_project/for-gong-zhong-hao/Concurrent-practice/chan-pracitce/demo2.go:34.7,35.11 1 231
golanglearning/new_project/for-gong-zhong-hao/Concurrent-practice/chan-pracitce/demo2.go:36.34,37.13 1 4
golanglearning/new_project/for-gong-zhong-hao/Concurrent-practice/chan-pracitce/demo2.go:38.34,39.13 1 227
golanglearning/new_project/for-gong-zhong-hao/Concurrent-practice/chan-pracitce/demo3.go:11.45,13.12 2 203
golanglearning/new_project/for-gong-zhong-hao/Concurrent-practice/chan-pracitce/demo3.go:26.2,26.11 1 203
golanglearning/new_project/for-gong-zhong-hao/Concurrent-practice/chan-pracitce/demo3.go:13.12,14.7 1 203
golanglearning/new_project/for-gong-zhong-hao/Concurrent-practice/chan-pracitce/demo3.go:14.7,15.11 1 2207
golanglearning/new_project/for-gong-zhong-hao/Concurrent-practice/chan-pracitce/demo3.go:16.16,18.11 2 4
golanglearning/new_project/for-gong-zhong-hao/Concurrent-practice/chan-pracitce/demo3.go:19.12,20.20 1 2203
golanglearning/new_project/for-gong-zhong-hao/Concurrent-practice/chan-pracitce/demo3.go:29.45,31.12 2 203
golanglearning/new_project/for-gong-zhong-hao/Concurrent-practice/chan-pracitce/demo3.go:44.2,44.11 1 203
golanglearning/new_project/for-gong-zhong-hao/Concurrent-practice/chan-pracitce/demo3.go:31.12,32.7 1 203
golanglearning/new_project/for-gong-zhong-hao/Concurrent-practice/chan-pracitce/demo3.go:32.7,33.11 1 2412
golanglearning/new_project/for-gong-zhong-hao/Concurrent-practice/chan-pracitce/demo3.go:34.16,36.11 2 2
golanglearning/new_project/for-gong-zhong-hao/Concurrent-practice/chan-pracitce/demo3.go:37.12,38.20 1 2410
golanglearning/new_project/for-gong-zhong-hao/Concurrent-practice/chan-pracitce/demo3.go:48.49,52.12 3 1
golanglearning/new_project/for-gong-zhong-hao/Concurrent-practice/chan-pracitce/demo3.go:68.2,68.11 1 1
golanglearning/new_project/for-gong-zhong-hao/Concurrent-practice/chan-pracitce/demo3.go:52.12,53.7 1 1
golanglearning/new_project/for-gong-zhong-hao/Concurrent-practice/chan-pracitce/demo3.go:53.7,54.11 1 203
golanglearning/new_project/for-gong-zhong-hao/Concurrent-practice/chan-pracitce/demo3.go:55.34,56.13 1 9
golanglearning/new_project/for-gong-zhong-hao/Concurrent-practice/chan-pracitce/demo3.go:57.34,58.13 1 193
golanglearning/new_project/for-gong-zhong-hao/Concurrent-practice/chan-pracitce/demo3.go:59.16,63.11 4 1
golanglearning/new_project/for-gong-zhong-hao/Concurrent-practice/redis-practice/service.go:6.71,11.6 3 1
golanglearning/new_project/for-gong-zhong-hao/Concurrent-practice/redis-practice/service.go:11.6,12.10 1 29361
golanglearning/new_project/for-gong-zhong-hao/Concurrent-practice/redis-practice/service.go:13.28,14.23 1 5
golanglearning/new_project/for-gong-zhong-hao/Concurrent-practice/redis-practice/service.go:15.16,18.20 2 8
golanglearning/new_project/for-gong-zhong-hao/Concurrent-practice/redis-practice/service.go:21.11,22.11 1 29348
golanglearning/new_project/for-gong-zhong-hao/Concurrent-practice/redis-practice/service.go:18.20,20.5 1 1
golanglearning/new_project/for-gong-zhong-hao/Concurrent-practice/redis-practice/service.go:22.11,24.5 1 1
golanglearning/new_project/for-gong-zhong-hao/Concurrent-practice/chan-practice/about-select-deadlock.go:11.28,22.31 6 1
golanglearning/new_project/for-gong-zhong-hao/Concurrent-practice/chan-practice/about-select-deadlock.go:40.2,46.20 4 1
golanglearning/new_project/for-gong-zhong-hao/Concurrent-practice/chan-practice/about-select-deadlock.go:22.31,24.7 2 1
golanglearning/new_project/for-gong-zhong-hao/Concurrent-practice/chan-practice/about-select-deadlock.go:24.7,25.11 1 2
golanglearning/new_project/for-gong-zhong-hao/Concurrent-practice/chan-practice/about-select-deadlock.go:26.20,28.62 2 1
golanglearning/new_project/for-gong-zhong-hao/Concurrent-practice/chan-practice/about-select-deadlock.go:30.18,33.11 2 1
golanglearning/new_project/for-gong-zhong-hao/Concurrent-practice/chan-practice/chan-practice.go:8.21,21.2 6 1
golanglearning/new_project/for-gong-zhong-hao/Concurrent-practice/chan-practice/chan-practice.go:23.51,30.2 6 1
golanglearning/new_project/for-gong-zhong-hao/Concurrent-practice/chan-practice/chan-practice.go:32.53,34.6 1 1
golanglearning/new_project/for-gong-zhong-hao/Concurrent-practice/chan-practice/chan-practice.go:34.6,36.10 2 5
golanglearning/new_project/for-gong-zhong-hao/Concurrent-practice/chan-practice/chan-practice.go:41.3,41.19 1 4
golanglearning/new_project/for-gong-zhong-hao/Concurrent-practice/chan-practice/chan-practice.go:36.10,39.4 2 1
golanglearning/new_project/for-gong-zhong-hao/Concurrent-practice/chan-practice/chan-practice2.go:28.28,37.2 4 5
golanglearning/new_project/for-gong-zhong-hao/Concurrent-practice/chan-practice/chan-practice2.go:39.63,43.20 2 4
golanglearning/new_project/for-gong-zhong-hao/Concurrent-practice/chan-practice/chan-practice2.go:43.20,45.33 2 5
golanglearning/new_project/for-gong-zhong-hao/Concurrent-practice/chan-practice/chan-practice2.go:49.3,49.85 1 1
golanglearning/new_project/for-gong-zhong-hao/Concurrent-practice/chan-practice/chan-practice2.go:45.33,47.9 2 0
golanglearning/new_project/for-gong-zhong-hao/Concurrent-practice/chan-practice/chan-practice2.go:56.22,63.49 4 1
golanglearning/new_project/for-gong-zhong-hao/Concurrent-practice/chan-practice/chan-practice2.go:69.2,69.26 1 1
golanglearning/new_project/for-gong-zhong-hao/Concurrent-practice/chan-practice/chan-practice2.go:77.2,78.12 2 1
golanglearning/new_project/for-gong-zhong-hao/Concurrent-practice/chan-practice/chan-practice2.go:63.49,66.3 1 4
golanglearning/new_project/for-gong-zhong-hao/Concurrent-practice/chan-practice/chan-practice2.go:69.26,75.3 1 15
golanglearning/new_project/for-gong-zhong-hao/Concurrent-practice/chan-practice/two-layer-chan.go:10.21,14.29 3 1
golanglearning/new_project/for-gong-zhong-hao/Concurrent-practice/chan-practice/two-layer-chan.go:14.29,22.23 5 4
golanglearning/new_project/for-gong-zhong-hao/Concurrent-practice/chan-practice/two-layer-chan.go:26.3,27.11 2 4
golanglearning/new_project/for-gong-zhong-hao/Concurrent-practice/chan-practice/two-layer-chan.go:22.23,24.4 1 4
golanglearning/new_project/for-gong-zhong-hao/Concurrent-practice/chan-practice/two-layer-chan.go:31.40,37.9 5 4
golanglearning/new_project/for-gong-zhong-hao/Concurrent-practice/chan-practice/two-layer-chan.go:38.16,39.26 1 4
golanglearning/new_project/for-gong-zhong-hao/Concurrent-practice/chan-practice/two-layer-chan.go:42.3,42.10 1 4
golanglearning/new_project/for-gong-zhong-hao/Concurrent-practice/chan-practice/two-layer-chan.go:43.11,44.9 1 0
golanglearning/new_project/for-gong-zhong-hao/Concurrent-practice/chan-practice/two-layer-chan.go:39.26,41.4 1 14
golanglearning/new_project/for-gong-zhong-hao/Concurrent-practice/chan-practice/chan-practice3.go:25.22,35.34 4 1
golanglearning/new_project/for-gong-zhong-hao/Concurrent-practice/chan-practice/chan-practice3.go:50.2,51.55 2 1
golanglearning/new_project/for-gong-zhong-hao/Concurrent-practice/chan-practice/chan-practice3.go:68.2,68.21 1 1
golanglearning/new_project/for-gong-zhong-hao/Concurrent-practice/chan-practice/chan-practice3.go:35.34,36.27 1 100
golanglearning/new_project/for-gong-zhong-hao/Concurrent-practice/chan-practice/chan-practice3.go:36.27,39.8 1 100
golanglearning/new_project/for-gong-zhong-hao/Concurrent-practice/chan-practice/chan-practice3.go:39.8,40.12 1 6819
golanglearning/new_project/for-gong-zhong-hao/Concurrent-practice/chan-practice/chan-practice3.go:41.33,41.33 0 6719
golanglearning/new_project/for-gong-zhong-hao/Concurrent-practice/chan-practice/chan-practice3.go:42.18,43.12 1 100
golanglearning/new_project/for-gong-zhong-hao/Concurrent-practice/chan-practice/chan-practice3.go:51.55,55.28 2 1
golanglearning/new_project/for-gong-zhong-hao/Concurrent-practice/chan-practice/chan-practice3.go:55.28,58.22 1 6619
golanglearning/new_project/for-gong-zhong-hao/Concurrent-practice/chan-practice/chan-practice3.go:63.4,63.32 1 6618
golanglearning/new_project/for-gong-zhong-hao/Concurrent-practice/chan-practice/chan-practice3.go:58.22,62.5 3 1
golanglearning/new_project/for-gong-zhong-hao/Concurrent-practice/chan-practice/chan-practice4.go:23.22,41.12 6 1
golanglearning/new_project/for-gong-zhong-hao/Concurrent-practice/chan-practice/chan-practice4.go:48.2,48.35 1 1
golanglearning/new_project/for-gong-zhong-hao/Concurrent-practice/chan-practice/chan-practice4.go:70.2,70.37 1 1
golanglearning/new_project/for-gong-zhong-hao/Concurrent-practice/chan-practice/chan-practice4.go:95.2,96.38 2 1
golanglearning/new_project/for-gong-zhong-hao/Concurrent-practice/chan-practice/chan-practice4.go:41.12,45.3 2 1
golanglearning/new_project/for-gong-zhong-hao/Concurrent-practice/chan-practice/chan-practice4.go:48.35,49.22 1 100
golanglearning/new_project/for-gong-zhong-hao/Concurrent-practice/chan-practice/chan-practice4.go:49.22,50.8 1 100
golanglearning/new_project/for-gong-zhong-hao/Concurrent-practice/chan-practice/chan-practice4.go:50.8,53.19 2 143538
golanglearning/new_project/for-gong-zhong-hao/Concurrent-practice/chan-practice/chan-practice4.go:60.5,60.12 1 143537
golanglearning/new_project/for-gong-zhong-hao/Concurrent-practice/chan-practice/chan-practice4.go:53.19,54.13 1 1
golanglearning/new_project/for-gong-zhong-hao/Concurrent-practice/chan-practice/chan-practice4.go:58.6,58.12 1 1
golanglearning/new_project/for-gong-zhong-hao/Concurrent-practice/chan-practice/chan-practice4.go:55.36,55.36 0 1
golanglearning/new_project/for-gong-zhong-hao/Concurrent-practice/chan-practice/chan-practice4.go:56.14,56.14 0 0
golanglearning/new_project/for-gong-zhong-hao/Concurrent-practice/chan-practice/chan-practice4.go:61.19,62.12 1 99
golanglearning/new_project/for-gong-zhong-hao/Concurrent-practice/chan-practice/chan-practice4.go:63.25,63.25 0 143438
golanglearning/new_project/for-gong-zhong-hao/Concurrent-practice/chan-practice/chan-practice4.go:70.37,73.52 2 10
golanglearning/new_project/for-gong-zhong-hao/Concurrent-practice/chan-practice/chan-practice4.go:73.52,75.8 2 10
golanglearning/new_project/for-gong-zhong-hao/Concurrent-practice/chan-practice/chan-practice4.go:75.8,76.12 1 143369
golanglearning/new_project/for-gong-zhong-hao/Concurrent-practice/chan-practice/chan-practice4.go:77.19,78.12 1 10
golanglearning/new_project/for-gong-zhong-hao/Concurrent-practice/chan-practice/chan-practice4.go:79.28,80.25 1 143359
golanglearning/new_project/for-gong-zhong-hao/Concurrent-practice/chan-practice/chan-practice4.go:88.6,88.34 1 143359
golanglearning/new_project/for-gong-zhong-hao/Concurrent-practice/chan-practice/chan-practice4.go:80.25,81.14 1 0
golanglearning/new_project/for-gong-zhong-hao/Concurrent-practice/chan-practice/chan-practice4.go:86.7,86.13 1 0
golanglearning/new_project/for-gong-zhong-hao/Concurrent-practice/chan-practice/chan-practice4.go:82.39,82.39 0 0
golanglearning/new_project/for-gong-zhong-hao/Concurrent-practice/chan-practice/chan-practice4.go:83.15,83.15 0 0
golanglearning/new_project/for-gong-zhong-hao/Concurrent-practice/chan-practice/channel_talk_more.go:16.21,41.12 12 1
golanglearning/new_project/for-gong-zhong-hao/Concurrent-practice/chan-practice/channel_talk_more.go:47.2,47.34 1 1
golanglearning/new_project/for-gong-zhong-hao/Concurrent-practice/chan-practice/channel_talk_more.go:82.2,82.36 1 1
golanglearning/new_project/for-gong-zhong-hao/Concurrent-practice/chan-practice/channel_talk_more.go:113.2,114.38 2 1
golanglearning/new_project/for-gong-zhong-hao/Concurrent-practice/chan-practice/channel_talk_more.go:41.12,44.3 2 1
golanglearning/new_project/for-gong-zhong-hao/Concurrent-practice/chan-practice/channel_talk_more.go:47.34,48.22 1 1000
golanglearning/new_project/for-gong-zhong-hao/Concurrent-practice/chan-practice/channel_talk_more.go:48.22,49.8 1 1000
golanglearning/new_project/for-gong-zhong-hao/Concurrent-practice/chan-practice/channel_talk_more.go:49.8,51.19 2 27845
golanglearning/new_project/for-gong-zhong-hao/Concurrent-practice/chan-practice/channel_talk_more.go:64.5,64.12 1 27844
golanglearning/new_project/for-gong-zhong-hao/Concurrent-practice/chan-practice/channel_talk_more.go:72.5,72.12 1 27842
golanglearning/new_project/for-gong-zhong-hao/Concurrent-practice/chan-practice/channel_talk_more.go:51.19,54.13 1 1
golanglearning/new_project/for-gong-zhong-hao/Concurrent-practice/chan-practice/channel_talk_more.go:58.6,58.12 1 1
golanglearning/new_project/for-gong-zhong-hao/Concurrent-practice/chan-practice/channel_talk_more.go:55.36,55.36 0 1
golanglearning/new_project/for-gong-zhong-hao/Concurrent-practice/chan-practice/channel_talk_more.go:56.14,56.14 0 0
golanglearning/new_project/for-gong-zhong-hao/Concurrent-practice/chan-practice/channel_talk_more.go:65.20,66.12 1 2
golanglearning/new_project/for-gong-zhong-hao/Concurrent-practice/chan-practice/channel_talk_more.go:67.13,67.13 0 27842
golanglearning/new_project/for-gong-zhong-hao/Concurrent-practice/chan-practice/channel_talk_more.go:73.20,74.12 1 997
golanglearning/new_project/for-gong-zhong-hao/Concurrent-practice/chan-practice/channel_talk_more.go:75.26,75.26 0 26845
golanglearning/new_project/for-gong-zhong-hao/Concurrent-practice/chan-practice/channel_talk_more.go:82.36,83.22 1 10
golanglearning/new_project/for-gong-zhong-hao/Concurrent-practice/chan-practice/channel_talk_more.go:83.22,86.8 2 10
golanglearning/new_project/for-gong-zhong-hao/Concurrent-practice/chan-practice/channel_talk_more.go:86.8,88.12 1 26855
golanglearning/new_project/for-gong-zhong-hao/Concurrent-practice/chan-practice/channel_talk_more.go:95.5,95.12 1 26845
golanglearning/new_project/for-gong-zhong-hao/Concurrent-practice/chan-practice/channel_talk_more.go:89.20,90.12 1 10
golanglearning/new_project/for-gong-zhong-hao/Concurrent-practice/chan-practice/channel_talk_more.go:91.13,91.13 0 26845
golanglearning/new_project/for-gong-zhong-hao/Concurrent-practice/chan-practice/channel_talk_more.go:96.20,97.12 1 0
golanglearning/new_project/for-gong-zhong-hao/Concurrent-practice/chan-practice/channel_talk_more.go:98.28,99.24 1 26845
golanglearning/new_project/for-gong-zhong-hao/Concurrent-practice/chan-practice/channel_talk_more.go:107.6,107.24 1 26845
golanglearning/new_project/for-gong-zhong-hao/Concurrent-practice/chan-practice/channel_talk_more.go:99.24,100.14 1 0
golanglearning/new_project/for-gong-zhong-hao/Concurrent-practice/chan-practice/channel_talk_more.go:104.7,104.13 1 0
golanglearning/new_project/for-gong-zhong-hao/Concurrent-practice/chan-practice/channel_talk_more.go:101.39,101.39 0 0
golanglearning/new_project/for-gong-zhong-hao/Concurrent-practice/chan-practice/channel_talk_more.go:102.15,102.15 0 0
golanglearning/new_project/for-gong-zhong-hao/Concurrent-practice/chan-practice/select-practice.go:11.23,26.2 10 1
golanglearning/new_project/for-gong-zhong-hao/Concurrent-practice/chan-practice/select-practice.go:28.45,29.27 1 1
golanglearning/new_project/for-gong-zhong-hao/Concurrent-practice/chan-practice/select-practice.go:34.2,35.11 2 1
golanglearning/new_project/for-gong-zhong-hao/Concurrent-practice/chan-practice/select-practice.go:29.27,30.15 1 31
golanglearning/new_project/for-gong-zhong-hao/Concurrent-practice/chan-practice/select-practice.go:30.15,32.4 1 16
golanglearning/new_project/for-gong-zhong-hao/Concurrent-practice/chan-practice/select-practice.go:38.45,39.27 1 1
golanglearning/new_project/for-gong-zhong-hao/Concurrent-practice/chan-practice/select-practice.go:44.2,45.11 2 1
golanglearning/new_project/for-gong-zhong-hao/Concurrent-practice/chan-practice/select-practice.go:39.27,40.15 1 31
golanglearning/new_project/for-gong-zhong-hao/Concurrent-practice/chan-practice/select-practice.go:40.15,42.4 1 15
golanglearning/new_project/for-gong-zhong-hao/Concurrent-practice/chan-practice/select-practice.go:54.54,56.6 1 1
golanglearning/new_project/for-gong-zhong-hao/Concurrent-practice/chan-practice/select-practice.go:56.6,57.10 1 177
golanglearning/new_project/for-gong-zhong-hao/Concurrent-practice/chan-practice/select-practice.go:58.23,59.10 1 11
golanglearning/new_project/for-gong-zhong-hao/Concurrent-practice/chan-practice/select-practice.go:62.23,63.10 1 10
golanglearning/new_project/for-gong-zhong-hao/Concurrent-practice/chan-practice/select-practice.go:66.16,68.10 2 1
golanglearning/new_project/for-gong-zhong-hao/Concurrent-practice/chan-practice/select-practice.go:69.11,70.26 1 155
golanglearning/new_project/for-gong-zhong-hao/Concurrent-practice/chan-practice/select-practice.go:59.10,61.5 1 11
golanglearning/new_project/for-gong-zhong-hao/Concurrent-practice/chan-practice/select-practice.go:63.10,65.5 1 10
golanglearning/new_project/for-gong-zhong-hao/Concurrent-practice/chan-practice/watch-gracefully-exit-practice.go:11.13,18.9 2 0
golanglearning/new_project/for-gong-zhong-hao/Concurrent-practice/chan-practice/watch-gracefully-exit-practice.go:27.22,34.12 3 0
golanglearning/new_project/for-gong-zhong-hao/Concurrent-practice/chan-practice/watch-gracefully-exit-practice.go:34.12,35.7 1 0
golanglearning/new_project/for-gong-zhong-hao/Concurrent-practice/chan-practice/watch-gracefully-exit-practice.go:35.7,36.11 1 0
golanglearning/new_project/for-gong-zhong-hao/Concurrent-practice/chan-practice/watch-gracefully-exit-practice.go:38.29,40.11 2 0
golanglearning/new_project/for-gong-zhong-hao/Concurrent-practice/chan-practice/watch-gracefully-exit-practice.go:42.12,44.28 2 0
golanglearning/new_project/for-gong-zhong-hao/Concurrent-practice/chan-practice/watch-gracefully-exit-practice.go:65.50,76.12 3 0
golanglearning/new_project/for-gong-zhong-hao/Concurrent-practice/chan-practice/watch-gracefully-exit-practice.go:76.12,81.3 3 0
golanglearning/new_project/for-gong-zhong-hao/Concurrent-practice/chan-practice/watch-gracefully-exit-practice.go:87.32,91.16 1 0
golanglearning/new_project/for-gong-zhong-hao/Concurrent-practice/chan-practice/watch-gracefully-exit-practice.go:91.17,95.3 0 0
golanglearning/new_project/for-gong-zhong-hao/Concurrent-practice/errgroup-practice/errgroup-pracitce.go:20.22,24.2 3 1
golanglearning/new_project/for-gong-zhong-hao/Concurrent-practice/errgroup-practice/errgroup-pracitce.go:27.24,36.27 3 1
golanglearning/new_project/for-gong-zhong-hao/Concurrent-practice/errgroup-practice/errgroup-pracitce.go:51.2,52.56 2 1
golanglearning/new_project/for-gong-zhong-hao/Concurrent-practice/errgroup-practice/errgroup-pracitce.go:36.27,38.23 2 3
golanglearning/new_project/for-gong-zhong-hao/Concurrent-practice/errgroup-practice/errgroup-pracitce.go:38.23,42.18 3 3
golanglearning/new_project/for-gong-zhong-hao/Concurrent-practice/errgroup-practice/errgroup-pracitce.go:46.4,46.21 1 2
golanglearning/new_project/for-gong-zhong-hao/Concurrent-practice/errgroup-practice/errgroup-pracitce.go:42.18,45.5 2 1
golanglearning/new_project/for-gong-zhong-hao/Concurrent-practice/errgroup-practice/errgroup-pracitce.go:56.23,66.27 3 1
golanglearning/new_project/for-gong-zhong-hao/Concurrent-practice/errgroup-practice/errgroup-pracitce.go:80.2,80.33 1 1
golanglearning/new_project/for-gong-zhong-hao/Concurrent-practice/errgroup-practice/errgroup-pracitce.go:85.2,85.56 1 1
golanglearning/new_project/for-gong-zhong-hao/Concurrent-practice/errgroup-practice/errgroup-pracitce.go:66.27,68.21 2 3
golanglearning/new_project/for-gong-zhong-hao/Concurrent-practice/errgroup-practice/errgroup-pracitce.go:68.21,70.18 2 3
golanglearning/new_project/for-gong-zhong-hao/Concurrent-practice/errgroup-practice/errgroup-pracitce.go:74.4,75.28 2 2
golanglearning/new_project/for-gong-zhong-hao/Concurrent-practice/errgroup-practice/errgroup-pracitce.go:70.18,73.5 2 1
golanglearning/new_project/for-gong-zhong-hao/Concurrent-practice/errgroup-practice/errgroup-pracitce.go:80.33,82.3 1 1
golanglearning/new_project/for-gong-zhong-hao/Concurrent-practice/errgroup-practice/errgroup-pracitce.go:82.8,84.3 1 0
golanglearning/new_project/for-gong-zhong-hao/Concurrent-practice/errgroup-practice/errgroup-pracitce.go:88.27,98.20 4 1
golanglearning/new_project/for-gong-zhong-hao/Concurrent-practice/errgroup-practice/errgroup-pracitce.go:118.2,118.25 1 1
golanglearning/new_project/for-gong-zhong-hao/Concurrent-practice/errgroup-practice/errgroup-pracitce.go:136.2,136.33 1 1
golanglearning/new_project/for-gong-zhong-hao/Concurrent-practice/errgroup-practice/errgroup-pracitce.go:140.2,140.37 1 1
golanglearning/new_project/for-gong-zhong-hao/Concurrent-practice/errgroup-practice/errgroup-pracitce.go:98.20,103.20 2 1
golanglearning/new_project/for-gong-zhong-hao/Concurrent-practice/errgroup-practice/errgroup-pracitce.go:103.20,105.15 1 20
golanglearning/new_project/for-gong-zhong-hao/Concurrent-practice/errgroup-practice/errgroup-pracitce.go:111.4,112.45 2 19
golanglearning/new_project/for-gong-zhong-hao/Concurrent-practice/errgroup-practice/errgroup-pracitce.go:105.15,107.5 1 1
golanglearning/new_project/for-gong-zhong-hao/Concurrent-practice/errgroup-practice/errgroup-pracitce.go:118.25,120.21 1 3
golanglearning/new_project/for-gong-zhong-hao/Concurrent-practice/errgroup-practice/errgroup-pracitce.go:120.21,121.22 1 3
golanglearning/new_project/for-gong-zhong-hao/Concurrent-practice/errgroup-practice/errgroup-pracitce.go:121.22,123.12 1 15
golanglearning/new_project/for-gong-zhong-hao/Concurrent-practice/errgroup-practice/errgroup-pracitce.go:125.24,126.22 1 3
golanglearning/new_project/for-gong-zhong-hao/Concurrent-practice/errgroup-practice/errgroup-pracitce.go:128.28,129.51 1 12
golanglearning/new_project/for-gong-zhong-hao/Concurrent-practice/errgroup-practice/errgroup-pracitce.go:136.33,138.3 1 1
golanglearning/new_project/for-gong-zhong-hao/Concurrent-practice/errgroup-practice/goroutine-error-chan.go:18.22,21.2 2 1
golanglearning/new_project/for-gong-zhong-hao/Concurrent-practice/errgroup-practice/goroutine-error-chan.go:23.32,28.25 3 1
golanglearning/new_project/for-gong-zhong-hao/Concurrent-practice/errgroup-practice/goroutine-error-chan.go:36.2,39.27 3 1
golanglearning/new_project/for-gong-zhong-hao/Concurrent-practice/errgroup-practice/goroutine-error-chan.go:43.2,43.35 1 1
golanglearning/new_project/for-gong-zhong-hao/Concurrent-practice/errgroup-practice/goroutine-error-chan.go:28.25,29.18 1 5
golanglearning/new_project/for-gong-zhong-hao/Concurrent-practice/errgroup-practice/goroutine-error-chan.go:29.18,33.4 3 5
golanglearning/new_project/for-gong-zhong-hao/Concurrent-practice/errgroup-practice/goroutine-error-chan.go:39.27,41.3 1 5
golanglearning/new_project/for-gong-zhong-hao/Concurrent-practice/best/best-practice-for-goroutine.go:13.13,17.2 2 1
golanglearning/new_project/for-gong-zhong-hao/Concurrent-practice/best/best-practice-for-goroutine.go:25.18,30.2 3 1
golanglearning/new_project/for-gong-zhong-hao/Concurrent-practice/best/best-practice-for-goroutine.go:41.26,49.2 3 1
golanglearning/new_project/for-gong-zhong-hao/Concurrent-practice/best/best-practice-for-goroutine.go:51.24,52.6 1 1
golanglearning/new_project/for-gong-zhong-hao/Concurrent-practice/best/best-practice-for-goroutine.go:52.6,53.10 1 10
golanglearning/new_project/for-gong-zhong-hao/Concurrent-practice/best/best-practice-for-goroutine.go:54.17,59.10 4 1
golanglearning/new_project/for-gong-zhong-hao/Concurrent-practice/best/best-practice-for-goroutine.go:61.34,62.31 1 9
golanglearning/new_project/for-gong-zhong-hao/Concurrent-practice/best/best-practice-for-goroutine.go:69.25,73.2 3 1
golanglearning/new_project/for-gong-zhong-hao/Concurrent-practice/best/best-practice-for-goroutine.go:79.38,81.16 2 6
golanglearning/new_project/for-gong-zhong-hao/Concurrent-practice/best/best-practice-for-goroutine.go:84.2,86.12 3 0
golanglearning/new_project/for-gong-zhong-hao/Concurrent-practice/best/best-practice-for-goroutine.go:81.16,83.3 1 6
golanglearning/new_project/for-gong-zhong-hao/Concurrent-practice/best/best-practice-for-goroutine.go:95.65,98.29 3 0
golanglearning/new_project/for-gong-zhong-hao/Concurrent-practice/best/best-practice-for-goroutine.go:107.2,109.16 2 0
golanglearning/new_project/for-gong-zhong-hao/Concurrent-practice/best/best-practice-for-goroutine.go:98.29,100.24 2 0
golanglearning/new_project/for-gong-zhong-hao/Concurrent-practice/best/best-practice-for-goroutine.go:100.24,104.4 3 0
golanglearning/new_project/for-gong-zhong-hao/Concurrent-practice/best/best-practice-for-goroutine.go:113.15,126.27 3 1
golanglearning/new_project/for-gong-zhong-hao/Concurrent-practice/best/best-practice-for-goroutine.go:130.2,130.35 1 1
golanglearning/new_project/for-gong-zhong-hao/Concurrent-practice/best/best-practice-for-goroutine.go:126.27,128.3 1 3
golanglearning/new_project/for-gong-zhong-hao/Concurrent-practice/best/best-practice-for-goroutine.go:134.62,142.29 4 0
golanglearning/new_project/for-gong-zhong-hao/Concurrent-practice/best/best-practice-for-goroutine.go:153.2,156.16 2 0
golanglearning/new_project/for-gong-zhong-hao/Concurrent-practice/best/best-practice-for-goroutine.go:142.29,144.24 2 0
golanglearning/new_project/for-gong-zhong-hao/Concurrent-practice/best/best-practice-for-goroutine.go:144.24,149.4 3 0
golanglearning/new_project/for-gong-zhong-hao/Concurrent-practice/best/best-practice-for-goroutine.go:163.66,172.29 5 1
golanglearning/new_project/for-gong-zhong-hao/Concurrent-practice/best/best-practice-for-goroutine.go:192.2,192.41 1 1
golanglearning/new_project/for-gong-zhong-hao/Concurrent-practice/best/best-practice-for-goroutine.go:197.2,200.16 2 1
golanglearning/new_project/for-gong-zhong-hao/Concurrent-practice/best/best-practice-for-goroutine.go:172.29,174.24 2 3
golanglearning/new_project/for-gong-zhong-hao/Concurrent-practice/best/best-practice-for-goroutine.go:174.24,177.8 2 3
golanglearning/new_project/for-gong-zhong-hao/Concurrent-practice/best/best-practice-for-goroutine.go:177.8,178.12 1 6
golanglearning/new_project/for-gong-zhong-hao/Concurrent-practice/best/best-practice-for-goroutine.go:179.40,180.38 1 3
golanglearning/new_project/for-gong-zhong-hao/Concurrent-practice/best/best-practice-for-goroutine.go:181.22,183.12 2 3
golanglearning/new_project/for-gong-zhong-hao/Concurrent-practice/best/best-practice-for-goroutine.go:192.41,194.3 1 1
golanglearning/new_project/for-gong-zhong-hao/Concurrent-practice/discuss-goroutine-quanity/discuss-goroutine-quanity.go:13.26,19.2 2 1
golanglearning/new_project/for-gong-zhong-hao/Concurrent-practice/discuss-goroutine-quanity/discuss-goroutine-quanity.go:24.36,26.32 2 0
golanglearning/new_project/for-gong-zhong-hao/Concurrent-practice/discuss-goroutine-quanity/discuss-goroutine-quanity.go:26.32,27.18 1 0
golanglearning/new_project/for-gong-zhong-hao/Concurrent-practice/discuss-goroutine-quanity/discuss-goroutine-quanity.go:27.18,29.4 1 0
golanglearning/new_project/for-gong-zhong-hao/Concurrent-practice/discuss-goroutine-quanity/discuss-goroutine-quanity.go:38.39,45.2 4 100
golanglearning/new_project/for-gong-zhong-hao/Concurrent-practice/discuss-goroutine-quanity/discuss-goroutine-quanity.go:47.34,53.32 3 1
golanglearning/new_project/for-gong-zhong-hao/Concurrent-practice/discuss-goroutine-quanity/discuss-goroutine-quanity.go:59.2,60.35 2 1
golanglearning/new_project/for-gong-zhong-hao/Concurrent-practice/discuss-goroutine-quanity/discuss-goroutine-quanity.go:53.32,57.3 3 100
golanglearning/new_project/for-gong-zhong-hao/Concurrent-practice/discuss-goroutine-quanity/discuss-goroutine-quanity.go:69.34,73.37 3 1
golanglearning/new_project/for-gong-zhong-hao/Concurrent-practice/discuss-goroutine-quanity/discuss-goroutine-quanity.go:77.2,80.32 2 1
golanglearning/new_project/for-gong-zhong-hao/Concurrent-practice/discuss-goroutine-quanity/discuss-goroutine-quanity.go:84.2,84.12 1 1
golanglearning/new_project/for-gong-zhong-hao/Concurrent-practice/discuss-goroutine-quanity/discuss-goroutine-quanity.go:73.37,75.3 1 5
golanglearning/new_project/for-gong-zhong-hao/Concurrent-practice/discuss-goroutine-quanity/discuss-goroutine-quanity.go:80.32,83.3 1 10
golanglearning/new_project/for-gong-zhong-hao/Concurrent-practice/discuss-goroutine-quanity/discuss-goroutine-quanity.go:88.38,92.2 2 10
golanglearning/new_project/for-gong-zhong-hao/Concurrent-practice/discuss-goroutine-quanity/discuss-goroutine-quanity.go:95.27,97.20 1 5
golanglearning/new_project/for-gong-zhong-hao/Concurrent-practice/discuss-goroutine-quanity/discuss-goroutine-quanity.go:97.20,101.3 2 10
golanglearning/new_project/for-gong-zhong-hao/Concurrent-practice/pool-practice/pool-practice.go:29.30,36.2 1 1
golanglearning/new_project/for-gong-zhong-hao/Concurrent-practice/pool-practice/pool-practice.go:40.37,41.9 1 49
golanglearning/new_project/for-gong-zhong-hao/Concurrent-practice/pool-practice/pool-practice.go:42.21,42.21 0 44
golanglearning/new_project/for-gong-zhong-hao/Concurrent-practice/pool-practice/pool-practice.go:43.27,44.20 1 5
golanglearning/new_project/for-gong-zhong-hao/Concurrent-practice/pool-practice/pool-practice.go:51.36,53.15 1 5
golanglearning/new_project/for-gong-zhong-hao/Concurrent-practice/pool-practice/pool-practice.go:54.2,54.6 1 5
golanglearning/new_project/for-gong-zhong-hao/Concurrent-practice/pool-practice/pool-practice.go:53.15,53.25 1 0
golanglearning/new_project/for-gong-zhong-hao/Concurrent-practice/pool-practice/pool-practice.go:54.6,60.3 2 49
golanglearning/new_project/for-gong-zhong-hao/Concurrent-practice/pool-practice/pool-practice.go:64.22,76.24 2 1
golanglearning/new_project/for-gong-zhong-hao/Concurrent-practice/pool-practice/pool-practice.go:86.2,86.29 1 1
golanglearning/new_project/for-gong-zhong-hao/Concurrent-practice/pool-practice/pool-practice.go:76.24,78.22 1 49
golanglearning/new_project/for-gong-zhong-hao/Concurrent-practice/pool-practice/pool-practice.go:78.22,81.4 2 49
golanglearning/new_project/for-gong-zhong-hao/Concurrent-practice/pool-practice/pool-practice2.go:22.58,28.26 2 1
golanglearning/new_project/for-gong-zhong-hao/Concurrent-practice/pool-practice/pool-practice2.go:37.2,37.17 1 1
golanglearning/new_project/for-gong-zhong-hao/Concurrent-practice/pool-practice/pool-practice2.go:28.26,30.44 1 0
golanglearning/new_project/for-gong-zhong-hao/Concurrent-practice/pool-practice/pool-practice2.go:30.44,32.4 1 0
golanglearning/new_project/for-gong-zhong-hao/Concurrent-practice/pool-practice/pool-practice2.go:43.71,45.21 1 12
golanglearning/new_project/for-gong-zhong-hao/Concurrent-practice/pool-practice/pool-practice2.go:50.2,50.17 1 12
golanglearning/new_project/for-gong-zhong-hao/Concurrent-practice/pool-practice/pool-practice2.go:56.2,56.9 1 12
golanglearning/new_project/for-gong-zhong-hao/Concurrent-practice/pool-practice/pool-practice2.go:45.21,46.37 1 1
golanglearning/new_project/for-gong-zhong-hao/Concurrent-practice/pool-practice/pool-practice2.go:46.37,48.4 1 10
golanglearning/new_project/for-gong-zhong-hao/Concurrent-practice/pool-practice/pool-practice2.go:50.17,54.3 1 12
golanglearning/new_project/for-gong-zhong-hao/Concurrent-practice/pool-practice/pool-practice2.go:57.23,58.18 1 12
golanglearning/new_project/for-gong-zhong-hao/Concurrent-practice/pool-practice/pool-practice2.go:59.29,60.50 1 0
golanglearning/new_project/for-gong-zhong-hao/Concurrent-practice/pool-practice/pool-practice2.go:65.50,67.9 1 12
golanglearning/new_project/for-gong-zhong-hao/Concurrent-practice/pool-practice/pool-practice2.go:68.20,70.13 2 12
golanglearning/new_project/for-gong-zhong-hao/Concurrent-practice/pool-practice/pool-practice2.go:71.10,72.54 1 0
golanglearning/new_project/for-gong-zhong-hao/Concurrent-practice/pool-practice/pool-practice2.go:78.22,83.16 3 1
golanglearning/new_project/for-gong-zhong-hao/Concurrent-practice/pool-practice/pool-practice2.go:86.2,89.16 3 1
golanglearning/new_project/for-gong-zhong-hao/Concurrent-practice/pool-practice/pool-practice2.go:94.2,94.26 1 1
golanglearning/new_project/for-gong-zhong-hao/Concurrent-practice/pool-practice/pool-practice2.go:107.2,107.41 1 1
golanglearning/new_project/for-gong-zhong-hao/Concurrent-practice/pool-practice/pool-practice2.go:83.16,85.3 1 0
golanglearning/new_project/for-gong-zhong-hao/Concurrent-practice/pool-practice/pool-practice2.go:89.16,91.3 1 0
golanglearning/new_project/for-gong-zhong-hao/Concurrent-practice/pool-practice/pool-practice2.go:94.26,95.59 1 11
golanglearning/new_project/for-gong-zhong-hao/Concurrent-practice/pool-practice/pool-practice2.go:95.59,98.4 2 0
golanglearning/new_project/for-gong-zhong-hao/Concurrent-practice/pool-practice/pool-practice2.go:98.9,100.43 2 11
golanglearning/new_project/for-gong-zhong-hao/Concurrent-practice/pool-practice/pool-practice2.go:100.43,103.5 2 0
golanglearning/new_project/for-gong-zhong-hao/Concurrent-practice/waitgroup-practice/use-waitgroup-limit-goroutine-count.go:27.40,33.14 2 1
golanglearning/new_project/for-gong-zhong-hao/Concurrent-practice/waitgroup-practice/use-waitgroup-limit-goroutine-count.go:37.2,37.11 1 1
golanglearning/new_project/for-gong-zhong-hao/Concurrent-practice/waitgroup-practice/use-waitgroup-limit-goroutine-count.go:33.14,35.3 1 1
golanglearning/new_project/for-gong-zhong-hao/Concurrent-practice/waitgroup-practice/use-waitgroup-limit-goroutine-count.go:42.33,43.17 1 6
golanglearning/new_project/for-gong-zhong-hao/Concurrent-practice/waitgroup-practice/use-waitgroup-limit-goroutine-count.go:46.2,46.21 1 6
golanglearning/new_project/for-gong-zhong-hao/Concurrent-practice/waitgroup-practice/use-waitgroup-limit-goroutine-count.go:43.17,45.3 1 6
golanglearning/new_project/for-gong-zhong-hao/Concurrent-practice/waitgroup-practice/use-waitgroup-limit-goroutine-count.go:50.29,51.17 1 6
golanglearning/new_project/for-gong-zhong-hao/Concurrent-practice/waitgroup-practice/use-waitgroup-limit-goroutine-count.go:54.2,54.21 1 6
golanglearning/new_project/for-gong-zhong-hao/Concurrent-practice/waitgroup-practice/use-waitgroup-limit-goroutine-count.go:51.17,53.3 1 6
golanglearning/new_project/for-gong-zhong-hao/Concurrent-practice/waitgroup-practice/use-waitgroup-limit-goroutine-count.go:57.29,59.2 1 1
golanglearning/new_project/for-gong-zhong-hao/Concurrent-practice/waitgroup-practice/use-waitgroup-limit-goroutine-count.go:61.43,63.2 1 0
golanglearning/new_project/for-gong-zhong-hao/Concurrent-practice/waitgroup-practice/use-waitgroup-limit-goroutine-count.go:65.27,79.27 3 1
golanglearning/new_project/for-gong-zhong-hao/Concurrent-practice/waitgroup-practice/use-waitgroup-limit-goroutine-count.go:104.2,106.25 2 1
golanglearning/new_project/for-gong-zhong-hao/Concurrent-practice/waitgroup-practice/use-waitgroup-limit-goroutine-count.go:79.27,81.23 2 6
golanglearning/new_project/for-gong-zhong-hao/Concurrent-practice/waitgroup-practice/use-waitgroup-limit-goroutine-count.go:81.23,84.18 3 6
golanglearning/new_project/for-gong-zhong-hao/Concurrent-practice/waitgroup-practice/use-waitgroup-limit-goroutine-count.go:88.4,88.27 1 0
golanglearning/new_project/for-gong-zhong-hao/Concurrent-practice/waitgroup-practice/use-waitgroup-limit-goroutine-count.go:84.18,87.5 2 6
golanglearning/new_project/for-gong-zhong-hao/Concurrent-practice/waitgroup-practice/waitgroup-practice.go:12.66,20.2 4 100
golanglearning/new_project/for-gong-zhong-hao/Concurrent-practice/waitgroup-practice/waitgroup-practice.go:22.17,23.33 1 1
golanglearning/new_project/for-gong-zhong-hao/Concurrent-practice/waitgroup-practice/waitgroup-practice.go:23.33,25.3 1 100
golanglearning/new_project/for-gong-zhong-hao/Concurrent-practice/waitgroup-practice/waitgroup-practice.go:29.27,38.27 6 1
golanglearning/new_project/for-gong-zhong-hao/Concurrent-practice/waitgroup-practice/waitgroup-practice.go:45.2,47.50 2 1
golanglearning/new_project/for-gong-zhong-hao/Concurrent-practice/waitgroup-practice/waitgroup-practice.go:38.27,43.3 4 100
golanglearning/new_project/for-gong-zhong-hao/Concurrent-practice/waitgroup-practice/waitgroup-practice2.go:13.88,22.2 4 100
golanglearning/new_project/for-gong-zhong-hao/Concurrent-practice/waitgroup-practice/waitgroup-practice2.go:24.38,35.12 7 1
golanglearning/new_project/for-gong-zhong-hao/Concurrent-practice/waitgroup-practice/waitgroup-practice2.go:43.2,43.27 1 1
golanglearning/new_project/for-gong-zhong-hao/Concurrent-practice/waitgroup-practice/waitgroup-practice2.go:51.2,55.15 4 1
golanglearning/new_project/for-gong-zhong-hao/Concurrent-practice/waitgroup-practice/waitgroup-practice2.go:35.12,37.28 2 1
golanglearning/new_project/for-gong-zhong-hao/Concurrent-practice/waitgroup-practice/waitgroup-practice2.go:40.3,40.20 1 1
golanglearning/new_project/for-gong-zhong-hao/Concurrent-practice/waitgroup-practice/waitgroup-practice2.go:37.28,39.4 1 100
golanglearning/new_project/for-gong-zhong-hao/Concurrent-practice/waitgroup-practice/waitgroup-practice2.go:43.27,49.3 3 100
golanglearning/new_project/for-gong-zhong-hao/Concurrent-practice/waitgroup-practice/waitgroup-practice2.go:60.27,62.27 2 1
golanglearning/new_project/for-gong-zhong-hao/Concurrent-practice/waitgroup-practice/waitgroup-practice2.go:67.2,70.21 4 1
golanglearning/new_project/for-gong-zhong-hao/Concurrent-practice/waitgroup-practice/waitgroup-practice2.go:62.27,65.3 2 100
