mode: atomic
golanglearning/new_project/for-gong-zhong-hao/Concurrent-practice/async/async.go:20.25,22.12 1 1
golanglearning/new_project/for-gong-zhong-hao/Concurrent-practice/async/async.go:22.12,25.3 2 1
golanglearning/new_project/for-gong-zhong-hao/Concurrent-practice/async/async.go:30.21,32.30 1 1
golanglearning/new_project/for-gong-zhong-hao/Concurrent-practice/async/async.go:32.30,34.10 2 1
golanglearning/new_project/for-gong-zhong-hao/Concurrent-practice/async/async.go:37.3,37.19 1 1
golanglearning/new_project/for-gong-zhong-hao/Concurrent-practice/async/async.go:34.10,36.4 1 0
golanglearning/new_project/for-gong-zhong-hao/Concurrent-practice/chan-pracitce/demo1.go:9.26,13.12 2 1
golanglearning/new_project/for-gong-zhong-hao/Concurrent-practice/chan-pracitce/demo1.go:19.2,19.11 1 1
golanglearning/new_project/for-gong-zhong-hao/Concurrent-practice/chan-pracitce/demo1.go:13.12,14.7 1 1
golanglearning/new_project/for-gong-zhong-hao/Concurrent-practice/chan-pracitce/demo1.go:14.7,16.4 1 21
golanglearning/new_project/for-gong-zhong-hao/Concurrent-practice/chan-pracitce/demo2.go:9.32,11.12 2 231
golanglearning/new_project/for-gong-zhong-hao/Concurrent-practice/chan-pracitce/demo2.go:16.2,16.11 1 231
golanglearning/new_project/for-gong-zhong-hao/Concurrent-practice/chan-pracitce/demo2.go:11.12,12.7 1 231
golanglearning/new_project/for-gong-zhong-hao/Concurrent-practice/chan-pracitce/demo2.go:12.7,14.4 1 2545
golanglearning/new_project/for-gong-zhong-hao/Concurrent-practice/chan-pracitce/demo2.go:19.32,21.12 2 231
golanglearning/new_project/for-gong-zhong-hao/Concurrent-practice/chan-pracitce/demo2.go:26.2,26.11 1 231
golanglearning/new_project/for-gong-zhong-hao/Concurrent-practice/chan-pracitce/demo2.go:21.12,22.7 1 231
golanglearning/new_project/for-gong-zhong-hao/Concurrent-practice/chan-pracitce/demo2.go:22.7,24.4 1 2768
golanglearning/new_project/for-gong-zhong-hao/Concurrent-practice/chan-pracitce/demo2.go:30.36,33.12 2 1
golanglearning/new_project/for-gong-zhong-hao/Concurrent-practice/chan-pracitce/demo2.go:44.2,44.11 1 1
golanglearning/new_project/for-gong-zhong-hao/Concurrent-practice/chan-pracitce/demo2.go:33.12,34.7 1 1
golanglearning/new_project/for-gong-zhong-hao/Concurrent-practice/chan-pracitce/demo2.go:34.7,35.11 1 231
golanglearning/new_project/for-gong-zhong-hao/Concurrent-practice/chan-pracitce/demo2.go:36.34,37.13 1 4
golanglearning/new_project/for-gong-zhong-hao/Concurrent-practice/chan-pracitce/demo2.go:38.34,39.13 1 227
golanglearning/new_project/for-gong-zhong-hao/Concurrent-practice/chan-pracitce/demo3.go:11.45,13.12 2 203
golanglearning/new_project/for-gong-zhong-hao/Concurrent-practice/chan-pracitce/demo3.go:26.2,26.11 1 203
golanglearning/new_project/for-gong-zhong-hao/Concurrent-practice/chan-pracitce/demo3.go:13.12,14.7 1 203
golanglearning/new_project/for-gong-zhong-hao/Concurrent-practice/chan-pracitce/demo3.go:14.7,15.11 1 2207
golanglearning/new_project/for-gong-zhong-hao/Concurrent-practice/chan-pracitce/demo3.go:16.16,18.11 2 4
golanglearning/new_project/for-gong-zhong-hao/Concurrent-practice/chan-pracitce/demo3.go:19.12,20.20 1 2203
golanglearning/new_project/for-gong-zhong-hao/Concurrent-practice/chan-pracitce/demo3.go:29.45,31.12 2 203
golanglearning/new_project/for-gong-zhong-hao/Concurrent-practice/chan-pracitce/demo3.go:44.2,44.11 1 203
golanglearning/new_project/for-gong-zhong-hao/Concurrent-practice/chan-pracitce/demo3.go:31.12,32.7 1 203
golanglearning/new_project/for-gong-zhong-hao/Concurrent-practice/chan-pracitce/demo3.go:32.7,33.11 1 2412
golanglearning/new_project/for-gong-zhong-hao/Concurrent-practice/chan-pracitce/demo3.go:34.16,36.11 2 2
golanglearning/new_project/for-gong-zhong-hao/Concurrent-practice/chan-pracitce/demo3.go:37.12,38.20 1 2410
golanglearning/new_project/for-gong-zhong-hao/Concurrent-practice/chan-pracitce/demo3.go:48.49,52.12 3 1
golanglearning/new_project/for-gong-zhong-hao/Concurrent-practice/chan-pracitce/demo3.go:68.2,68.11 1 1
golanglearning/new_project/for-gong-zhong-hao/Concurrent-practice/chan-pracitce/demo3.go:52.12,53.7 1 1
golanglearning/new_project/for-gong-zhong-hao/Concurrent-practice/chan-pracitce/demo3.go:53.7,54.11 1 203
golanglearning/new_project/for-gong-zhong-hao/Concurrent-practice/chan-pracitce/demo3.go:55.34,56.13 1 9
golanglearning/new_project/for-gong-zhong-hao/Concurrent-practice/chan-pracitce/demo3.go:57.34,58.13 1 193
golanglearning/new_project/for-gong-zhong-hao/Concurrent-practice/chan-pracitce/demo3.go:59.16,63.11 4 1
golanglearning/new_project/for-gong-zhong-hao/Concurrent-practice/redis-practice/service.go:6.71,11.6 3 1
golanglearning/new_project/for-gong-zhong-hao/Concurrent-practice/redis-practice/service.go:11.6,12.10 1 29361
golanglearning/new_project/for-gong-zhong-hao/Concurrent-practice/redis-practice/service.go:13.28,14.23 1 5
golanglearning/new_project/for-gong-zhong-hao/Concurrent-practice/redis-practice/service.go:15.16,18.20 2 8
golanglearning/new_project/for-gong-zhong-hao/Concurrent-practice/redis-practice/service.go:21.11,22.11 1 29348
golanglearning/new_project/for-gong-zhong-hao/Concurrent-practice/redis-practice/service.go:18.20,20.5 1 1
golanglearning/new_project/for-gong-zhong-hao/Concurrent-practice/redis-practice/service.go:22.11,24.5 1 1
golanglearning/new_project/for-gong-zhong-hao/Concurrent-practice/chan-practice/about-select-deadlock.go:11.28,22.31 6 1
golanglearning/new_project/for-gong-zhong-hao/Concurrent-practice/chan-practice/about-select-deadlock.go:40.2,46.20 4 1
golanglearning/new_project/for-gong-zhong-hao/Concurrent-practice/chan-practice/about-select-deadlock.go:22.31,24.7 2 1
golanglearning/new_project/for-gong-zhong-hao/Concurrent-practice/chan-practice/about-select-deadlock.go:24.7,25.11 1 2
golanglearning/new_project/for-gong-zhong-hao/Concurrent-practice/chan-practice/about-select-deadlock.go:26.20,28.62 2 1
golanglearning/new_project/for-gong-zhong-hao/Concurrent-practice/chan-practice/about-select-deadlock.go:30.18,33.11 2 1
golanglearning/new_project/for-gong-zhong-hao/Concurrent-practice/chan-practice/chan-practice.go:8.21,21.2 6 1
golanglearning/new_project/for-gong-zhong-hao/Concurrent-practice/chan-practice/chan-practice.go:23.51,30.2 6 1
golanglearning/new_project/for-gong-zhong-hao/Concurrent-practice/chan-practice/chan-practice.go:32.53,34.6 1 1
golanglearning/new_project/for-gong-zhong-hao/Concurrent-practice/chan-practice/chan-practice.go:34.6,36.10 2 5
golanglearning/new_project/for-gong-zhong-hao/Concurrent-practice/chan-practice/chan-practice.go:41.3,41.19 1 4
golanglearning/new_project/for-gong-zhong-hao/Concurrent-practice/chan-practice/chan-practice.go:36.10,39.4 2 1
golanglearning/new_project/for-gong-zhong-hao/Concurrent-practice/chan-practice/chan-practice2.go:28.28,37.2 4 5
golanglearning/new_project/for-gong-zhong-hao/Concurrent-practice/chan-practice/chan-practice2.go:39.63,43.20 2 4
golanglearning/new_project/for-gong-zhong-hao/Concurrent-practice/chan-practice/chan-practice2.go:43.20,45.33 2 5
golanglearning/new_project/for-gong-zhong-hao/Concurrent-practice/chan-practice/chan-practice2.go:49.3,49.85 1 1
golanglearning/new_project/for-gong-zhong-hao/Concurrent-practice/chan-practice/chan-practice2.go:45.33,47.9 2 0
golanglearning/new_project/for-gong-zhong-hao/Concurrent-practice/chan-practice/chan-practice2.go:56.22,63.49 4 1
golanglearning/new_project/for-gong-zhong-hao/Concurrent-practice/chan-practice/chan-practice2.go:69.2,69.26 1 1
golanglearning/new_project/for-gong-zhong-hao/Concurrent-practice/chan-practice/chan-practice2.go:77.2,78.12 2 1
golanglearning/new_project/for-gong-zhong-hao/Concurrent-practice/chan-practice/chan-practice2.go:63.49,66.3 1 4
golanglearning/new_project/for-gong-zhong-hao/Concurrent-practice/chan-practice/chan-practice2.go:69.26,75.3 1 15
golanglearning/new_project/for-gong-zhong-hao/Concurrent-practice/chan-practice/two-layer-chan.go:10.21,14.29 3 1
golanglearning/new_project/for-gong-zhong-hao/Concurrent-practice/chan-practice/two-layer-chan.go:14.29,22.23 5 4
golanglearning/new_project/for-gong-zhong-hao/Concurrent-practice/chan-practice/two-layer-chan.go:26.3,27.11 2 4
golanglearning/new_project/for-gong-zhong-hao/Concurrent-practice/chan-practice/two-layer-chan.go:22.23,24.4 1 4
golanglearning/new_project/for-gong-zhong-hao/Concurrent-practice/chan-practice/two-layer-chan.go:31.40,37.9 5 4
golanglearning/new_project/for-gong-zhong-hao/Concurrent-practice/chan-practice/two-layer-chan.go:38.16,39.26 1 4
golanglearning/new_project/for-gong-zhong-hao/Concurrent-practice/chan-practice/two-layer-chan.go:42.3,42.10 1 4
golanglearning/new_project/for-gong-zhong-hao/Concurrent-practice/chan-practice/two-layer-chan.go:43.11,44.9 1 0
golanglearning/new_project/for-gong-zhong-hao/Concurrent-practice/chan-practice/two-layer-chan.go:39.26,41.4 1 14
golanglearning/new_project/for-gong-zhong-hao/Concurrent-practice/chan-practice/chan-practice3.go:25.22,35.34 4 1
golanglearning/new_project/for-gong-zhong-hao/Concurrent-practice/chan-practice/chan-practice3.go:50.2,51.55 2 1
golanglearning/new_project/for-gong-zhong-hao/Concurrent-practice/chan-practice/chan-practice3.go:68.2,68.21 1 1
golanglearning/new_project/for-gong-zhong-hao/Concurrent-practice/chan-practice/chan-practice3.go:35.34,36.27 1 100
golanglearning/new_project/for-gong-zhong-hao/Concurrent-practice/chan-practice/chan-practice3.go:36.27,39.8 1 100
golanglearning/new_project/for-gong-zhong-hao/Concurrent-practice/chan-practice/chan-practice3.go:39.8,40.12 1 6819
golanglearning/new_project/for-gong-zhong-hao/Concurrent-practice/chan-practice/chan-practice3.go:41.33,41.33 0 6719
golanglearning/new_project/for-gong-zhong-hao/Concurrent-practice/chan-practice/chan-practice3.go:42.18,43.12 1 100
golanglearning/new_project/for-gong-zhong-hao/Concurrent-practice/chan-practice/chan-practice3.go:51.55,55.28 2 1
golanglearning/new_project/for-gong-zhong-hao/Concurrent-practice/chan-practice/chan-practice3.go:55.28,58.22 1 6619
golanglearning/new_project/for-gong-zhong-hao/Concurrent-practice/chan-practice/chan-practice3.go:63.4,63.32 1 6618
golanglearning/new_project/for-gong-zhong-hao/Concurrent-practice/chan-practice/chan-practice3.go:58.22,62.5 3 1
golanglearning/new_project/for-gong-zhong-hao/Concurrent-practice/chan-practice/chan-practice4.go:23.22,41.12 6 1
golanglearning/new_project/for-gong-zhong-hao/Concurrent-practice/chan-practice/chan-practice4.go:48.2,48.35 1 1
golanglearning/new_project/for-gong-zhong-hao/Concurrent-practice/chan-practice/chan-practice4.go:70.2,70.37 1 1
golanglearning/new_project/for-gong-zhong-hao/Concurrent-practice/chan-practice/chan-practice4.go:95.2,96.38 2 1
golanglearning/new_project/for-gong-zhong-hao/Concurrent-practice/chan-practice/chan-practice4.go:41.12,45.3 2 1
golanglearning/new_project/for-gong-zhong-hao/Concurrent-practice/chan-practice/chan-practice4.go:48.35,49.22 1 100
golanglearning/new_project/for-gong-zhong-hao/Concurrent-practice/chan-practice/chan-practice4.go:49.22,50.8 1 100
golanglearning/new_project/for-gong-zhong-hao/Concurrent-practice/chan-practice/chan-practice4.go:50.8,53.19 2 143538
golanglearning/new_project/for-gong-zhong-hao/Concurrent-practice/chan-practice/chan-practice4.go:60.5,60.12 1 143537
golanglearning/new_project/for-gong-zhong-hao/Concurrent-practice/chan-practice/chan-practice4.go:53.19,54.13 1 1
golanglearning/new_project/for-gong-zhong-hao/Concurrent-practice/chan-practice/chan-practice4.go:58.6,58.12 1 1
golanglearning/new_project/for-gong-zhong-hao/Concurrent-practice/chan-practice/chan-practice4.go:55.36,55.36 0 1
golanglearning/new_project/for-gong-zhong-hao/Concurrent-practice/chan-practice/chan-practice4.go:56.14,56.14 0 0
golanglearning/new_project/for-gong-zhong-hao/Concurrent-practice/chan-practice/chan-practice4.go:61.19,62.12 1 99
golanglearning/new_project/for-gong-zhong-hao/Concurrent-practice/chan-practice/chan-practice4.go:63.25,63.25 0 143438
golanglearning/new_project/for-gong-zhong-hao/Concurrent-practice/chan-practice/chan-practice4.go:70.37,73.52 2 10
golanglearning/new_project/for-gong-zhong-hao/Concurrent-practice/chan-practice/chan-practice4.go:73.52,75.8 2 10
golanglearning/new_project/for-gong-zhong-hao/Concurrent-practice/chan-practice/chan-practice4.go:75.8,76.12 1 143369
golanglearning/new_project/for-gong-zhong-hao/Concurrent-practice/chan-practice/chan-practice4.go:77.19,78.12 1 10
golanglearning/new_project/for-gong-zhong-hao/Concurrent-practice/chan-practice/chan-practice4.go:79.28,80.25 1 143359
golanglearning/new_project/for-gong-zhong-hao/Concurrent-practice/chan-practice/chan-practice4.go:88.6,88.34 1 143359
golanglearning/new_project/for-gong-zhong-hao/Concurrent-practice/chan-practice/chan-practice4.go:80.25,81.14 1 0
golanglearning/new_project/for-gong-zhong-hao/Concurrent-practice/chan-practice/chan-practice4.go:86.7,86.13 1 0
golanglearning/new_project/for-gong-zhong-hao/Concurrent-practice/chan-practice/chan-practice4.go:82.39,82.39 0 0
golanglearning/new_project/for-gong-zhong-hao/Concurrent-practice/chan-practice/chan-practice4.go:83.15,83.15 0 0
golanglearning/new_project/for-gong-zhong-hao/Concurrent-practice/chan-practice/channel_talk_more.go:16.21,41.12 12 1
golanglearning/new_project/for-gong-zhong-hao/Concurrent-practice/chan-practice/channel_talk_more.go:47.2,47.34 1 1
golanglearning/new_project/for-gong-zhong-hao/Concurrent-practice/chan-practice/channel_talk_more.go:82.2,82.36 1 1
golanglearning/new_project/for-gong-zhong-hao/Concurrent-practice/chan-practice/channel_talk_more.go:113.2,114.38 2 1
golanglearning/new_project/for-gong-zhong-hao/Concurrent-practice/chan-practice/channel_talk_more.go:41.12,44.3 2 1
golanglearning/new_project/for-gong-zhong-hao/Concurrent-practice/chan-practice/channel_talk_more.go:47.34,48.22 1 1000
golanglearning/new_project/for-gong-zhong-hao/Concurrent-practice/chan-practice/channel_talk_more.go:48.22,49.8 1 1000
golanglearning/new_project/for-gong-zhong-hao/Concurrent-practice/chan-practice/channel_talk_more.go:49.8,51.19 2 27845
golanglearning/new_project/for-gong-zhong-hao/Concurrent-practice/chan-practice/channel_talk_more.go:64.5,64.12 1 27844
golanglearning/new_project/for-gong-zhong-hao/Concurrent-practice/chan-practice/channel_talk_more.go:72.5,72.12 1 27842
golanglearning/new_project/for-gong-zhong-hao/Concurrent-practice/chan-practice/channel_talk_more.go:51.19,54.13 1 1
golanglearning/new_project/for-gong-zhong-hao/Concurrent-practice/chan-practice/channel_talk_more.go:58.6,58.12 1 1
golanglearning/new_project/for-gong-zhong-hao/Concurrent-practice/chan-practice/channel_talk_more.go:55.36,55.36 0 1
golanglearning/new_project/for-gong-zhong-hao/Concurrent-practice/chan-practice/channel_talk_more.go:56.14,56.14 0 0
golanglearning/new_project/for-gong-zhong-hao/Concurrent-practice/chan-practice/channel_talk_more.go:65.20,66.12 1 2
golanglearning/new_project/for-gong-zhong-hao/Concurrent-practice/chan-practice/channel_talk_more.go:67.13,67.13 0 27842
golanglearning/new_project/for-gong-zhong-hao/Concurrent-practice/chan-practice/channel_talk_more.go:73.20,74.12 1 997
golanglearning/new_project/for-gong-zhong-hao/Concurrent-practice/chan-practice/channel_talk_more.go:75.26,75.26 0 26845
golanglearning/new_project/for-gong-zhong-hao/Concurrent-practice/chan-practice/channel_talk_more.go:82.36,83.22 1 10
golanglearning/new_project/for-gong-zhong-hao/Concurrent-practice/chan-practice/channel_talk_more.go:83.22,86.8 2 10
golanglearning/new_project/for-gong-zhong-hao/Concurrent-practice/chan-practice/channel_talk_more.go:86.8,88.12 1 26855
golanglearning/new_project/for-gong-zhong-hao/Concurrent-practice/chan-practice/channel_talk_more.go:95.5,95.12 1 26845
golanglearning/new_project/for-gong-zhong-hao/Concurrent-practice/chan-practice/channel_talk_more.go:89.20,90.12 1 10
golanglearning/new_project/for-gong-zhong-hao/Concurrent-practice/chan-practice/channel_talk_more.go:91.13,91.13 0 26845
golanglearning/new_project/for-gong-zhong-hao/Concurrent-practice/chan-practice/channel_talk_more.go:96.20,97.12 1 0
golanglearning/new_project/for-gong-zhong-hao/Concurrent-practice/chan-practice/channel_talk_more.go:98.28,99.24 1 26845
golanglearning/new_project/for-gong-zhong-hao/Concurrent-practice/chan-practice/channel_talk_more.go:107.6,107.24 1 26845
golanglearning/new_project/for-gong-zhong-hao/Concurrent-practice/chan-practice/channel_talk_more.go:99.24,100.14 1 0
golanglearning/new_project/for-gong-zhong-hao/Concurrent-practice/chan-practice/channel_talk_more.go:104.7,104.13 1 0
golanglearning/new_project/for-gong-zhong-hao/Concurrent-practice/chan-practice/channel_talk_more.go:101.39,101.39 0 0
golanglearning/new_project/for-gong-zhong-hao/Concurrent-practice/chan-practice/channel_talk_more.go:102.15,102.15 0 0
golanglearning/new_project/for-gong-zhong-hao/Concurrent-practice/chan-practice/select-practice.go:11.23,26.2 10 1
golanglearning/new_project/for-gong-zhong-hao/Concurrent-practice/chan-practice/select-practice.go:28.45,29.27 1 1
golanglearning/new_project/for-gong-zhong-hao/Concurrent-practice/chan-practice/select-practice.go:34.2,35.11 2 1
golanglearning/new_project/for-gong-zhong-hao/Concurrent-practice/chan-practice/select-practice.go:29.27,30.15 1 31
golanglearning/new_project/for-gong-zhong-hao/Concurrent-practice/chan-practice/select-practice.go:30.15,32.4 1 16
golanglearning/new_project/for-gong-zhong-hao/Concurrent-practice/chan-practice/select-practice.go:38.45,39.27 1 1
golanglearning/new_project/for-gong-zhong-hao/Concurrent-practice/chan-practice/select-practice.go:44.2,45.11 2 1
golanglearning/new_project/for-gong-zhong-hao/Concurrent-practice/chan-practice/select-practice.go:39.27,40.15 1 31
golanglearning/new_project/for-gong-zhong-hao/Concurrent-practice/chan-practice/select-practice.go:40.15,42.4 1 15
golanglearning/new_project/for-gong-zhong-hao/Concurrent-practice/chan-practice/select-practice.go:54.54,56.6 1 1
golanglearning/new_project/for-gong-zhong-hao/Concurrent-practice/chan-practice/select-practice.go:56.6,57.10 1 177
golanglearning/new_project/for-gong-zhong-hao/Concurrent-practice/chan-practice/select-practice.go:58.23,59.10 1 11
golanglearning/new_project/for-gong-zhong-hao/Concurrent-practice/chan-practice/select-practice.go:62.23,63.10 1 10
golanglearning/new_project/for-gong-zhong-hao/Concurrent-practice/chan-practice/select-practice.go:66.16,68.10 2 1
golanglearning/new_project/for-gong-zhong-hao/Concurrent-practice/chan-practice/select-practice.go:69.11,70.26 1 155
golanglearning/new_project/for-gong-zhong-hao/Concurrent-practice/chan-practice/select-practice.go:59.10,61.5 1 11
golanglearning/new_project/for-gong-zhong-hao/Concurrent-practice/chan-practice/select-practice.go:63.10,65.5 1 10
golanglearning/new_project/for-gong-zhong-hao/Concurrent-practice/chan-practice/watch-gracefully-exit-practice.go:11.13,18.9 2 0
golanglearning/new_project/for-gong-zhong-hao/Concurrent-practice/chan-practice/watch-gracefully-exit-practice.go:27.22,34.12 3 0
golanglearning/new_project/for-gong-zhong-hao/Concurrent-practice/chan-practice/watch-gracefully-exit-practice.go:34.12,35.7 1 0
golanglearning/new_project/for-gong-zhong-hao/Concurrent-practice/chan-practice/watch-gracefully-exit-practice.go:35.7,36.11 1 0
golanglearning/new_project/for-gong-zhong-hao/Concurrent-practice/chan-practice/watch-gracefully-exit-practice.go:38.29,40.11 2 0
golanglearning/new_project/for-gong-zhong-hao/Concurrent-practice/chan-practice/watch-gracefully-exit-practice.go:42.12,44.28 2 0
golanglearning/new_project/for-gong-zhong-hao/Concurrent-practice/chan-practice/watch-gracefully-exit-practice.go:65.50,76.12 3 0
golanglearning/new_project/for-gong-zhong-hao/Concurrent-practice/chan-practice/watch-gracefully-exit-practice.go:76.12,81.3 3 0
golanglearning/new_project/for-gong-zhong-hao/Concurrent-practice/chan-practice/watch-gracefully-exit-practice.go:87.32,91.16 1 0
golanglearning/new_project/for-gong-zhong-hao/Concurrent-practice/chan-practice/watch-gracefully-exit-practice.go:91.17,95.3 0 0
golanglearning/new_project/for-gong-zhong-hao/Concurrent-practice/errgroup-practice/errgroup-pracitce.go:20.22,24.2 3 1
golanglearning/new_project/for-gong-zhong-hao/Concurrent-practice/errgroup-practice/errgroup-pracitce.go:27.24,36.27 3 1
golanglearning/new_project/for-gong-zhong-hao/Concurrent-practice/errgroup-practice/errgroup-pracitce.go:51.2,52.56 2 1
golanglearning/new_project/for-gong-zhong-hao/Concurrent-practice/errgroup-practice/errgroup-pracitce.go:36.27,38.23 2 3
golanglearning/new_project/for-gong-zhong-hao/Concurrent-practice/errgroup-practice/errgroup-pracitce.go:38.23,42.18 3 3
golanglearning/new_project/for-gong-zhong-hao/Concurrent-practice/errgroup-practice/errgroup-pracitce.go:46.4,46.21 1 2
golanglearning/new_project/for-gong-zhong-hao/Concurrent-practice/errgroup-practice/errgroup-pracitce.go:42.18,45.5 2 1
golanglearning/new_project/for-gong-zhong-hao/Concurrent-practice/errgroup-practice/errgroup-pracitce.go:56.23,66.27 3 1
golanglearning/new_project/for-gong-zhong-hao/Concurrent-practice/errgroup-practice/errgroup-pracitce.go:80.2,80.33 1 1
golanglearning/new_project/for-gong-zhong-hao/Concurrent-practice/errgroup-practice/errgroup-pracitce.go:85.2,85.56 1 1
golanglearning/new_project/for-gong-zhong-hao/Concurrent-practice/errgroup-practice/errgroup-pracitce.go:66.27,68.21 2 3
golanglearning/new_project/for-gong-zhong-hao/Concurrent-practice/errgroup-practice/errgroup-pracitce.go:68.21,70.18 2 3
golanglearning/new_project/for-gong-zhong-hao/Concurrent-practice/errgroup-practice/errgroup-pracitce.go:74.4,75.28 2 2
golanglearning/new_project/for-gong-zhong-hao/Concurrent-practice/errgroup-practice/errgroup-pracitce.go:70.18,73.5 2 1
golanglearning/new_project/for-gong-zhong-hao/Concurrent-practice/errgroup-practice/errgroup-pracitce.go:80.33,82.3 1 1
golanglearning/new_project/for-gong-zhong-hao/Concurrent-practice/errgroup-practice/errgroup-pracitce.go:82.8,84.3 1 0
golanglearning/new_project/for-gong-zhong-hao/Concurrent-practice/errgroup-practice/errgroup-pracitce.go:88.27,98.20 4 1
golanglearning/new_project/for-gong-zhong-hao/Concurrent-practice/errgroup-practice/errgroup-pracitce.go:118.2,118.25 1 1
golanglearning/new_project/for-gong-zhong-hao/Concurrent-practice/errgroup-practice/errgroup-pracitce.go:136.2,136.33 1 1
golanglearning/new_project/for-gong-zhong-hao/Concurrent-practice/errgroup-practice/errgroup-pracitce.go:140.2,140.37 1 1
golanglearning/new_project/for-gong-zhong-hao/Concurrent-practice/errgroup-practice/errgroup-pracitce.go:98.20,103.20 2 1
golanglearning/new_project/for-gong-zhong-hao/Concurrent-practice/errgroup-practice/errgroup-pracitce.go:103.20,105.15 1 20
golanglearning/new_project/for-gong-zhong-hao/Concurrent-practice/errgroup-practice/errgroup-pracitce.go:111.4,112.45 2 19
golanglearning/new_project/for-gong-zhong-hao/Concurrent-practice/errgroup-practice/errgroup-pracitce.go:105.15,107.5 1 1
golanglearning/new_project/for-gong-zhong-hao/Concurrent-practice/errgroup-practice/errgroup-pracitce.go:118.25,120.21 1 3
golanglearning/new_project/for-gong-zhong-hao/Concurrent-practice/errgroup-practice/errgroup-pracitce.go:120.21,121.22 1 3
golanglearning/new_project/for-gong-zhong-hao/Concurrent-practice/errgroup-practice/errgroup-pracitce.go:121.22,123.12 1 15
golanglearning/new_project/for-gong-zhong-hao/Concurrent-practice/errgroup-practice/errgroup-pracitce.go:125.24,126.22 1 3
golanglearning/new_project/for-gong-zhong-hao/Concurrent-practice/errgroup-practice/errgroup-pracitce.go:128.28,129.51 1 12
golanglearning/new_project/for-gong-zhong-hao/Concurrent-practice/errgroup-practice/errgroup-pracitce.go:136.33,138.3 1 1
golanglearning/new_project/for-gong-zhong-hao/Concurrent-practice/errgroup-practice/goroutine-error-chan.go:18.22,21.2 2 1
golanglearning/new_project/for-gong-zhong-hao/Concurrent-practice/errgroup-practice/goroutine-error-chan.go:23.32,28.25 3 1
golanglearning/new_project/for-gong-zhong-hao/Concurrent-practice/errgroup-practice/goroutine-error-chan.go:36.2,39.27 3 1
golanglearning/new_project/for-gong-zhong-hao/Concurrent-practice/errgroup-practice/goroutine-error-chan.go:43.2,43.35 1 1
golanglearning/new_project/for-gong-zhong-hao/Concurrent-practice/errgroup-practice/goroutine-error-chan.go:28.25,29.18 1 5
golanglearning/new_project/for-gong-zhong-hao/Concurrent-practice/errgroup-practice/goroutine-error-chan.go:29.18,33.4 3 5
golanglearning/new_project/for-gong-zhong-hao/Concurrent-practice/errgroup-practice/goroutine-error-chan.go:39.27,41.3 1 5
golanglearning/new_project/for-gong-zhong-hao/Concurrent-practice/best/best-practice-for-goroutine.go:13.13,17.2 2 1
golanglearning/new_project/for-gong-zhong-hao/Concurrent-practice/best/best-practice-for-goroutine.go:25.18,30.2 3 1
golanglearning/new_project/for-gong-zhong-hao/Concurrent-practice/best/best-practice-for-goroutine.go:41.26,49.2 3 1
golanglearning/new_project/for-gong-zhong-hao/Concurrent-practice/best/best-practice-for-goroutine.go:51.24,52.6 1 1
golanglearning/new_project/for-gong-zhong-hao/Concurrent-practice/best/best-practice-for-goroutine.go:52.6,53.10 1 10
golanglearning/new_project/for-gong-zhong-hao/Concurrent-practice/best/best-practice-for-goroutine.go:54.17,59.10 4 1
golanglearning/new_project/for-gong-zhong-hao/Concurrent-practice/best/best-practice-for-goroutine.go:61.34,62.31 1 9
golanglearning/new_project/for-gong-zhong-hao/Concurrent-practice/best/best-practice-for-goroutine.go:69.25,73.2 3 1
golanglearning/new_project/for-gong-zhong-hao/Concurrent-practice/best/best-practice-for-goroutine.go:79.38,81.16 2 6
golanglearning/new_project/for-gong-zhong-hao/Concurrent-practice/best/best-practice-for-goroutine.go:84.2,86.12 3 0
golanglearning/new_project/for-gong-zhong-hao/Concurrent-practice/best/best-practice-for-goroutine.go:81.16,83.3 1 6
golanglearning/new_project/for-gong-zhong-hao/Concurrent-practice/best/best-practice-for-goroutine.go:95.65,98.29 3 0
golanglearning/new_project/for-gong-zhong-hao/Concurrent-practice/best/best-practice-for-goroutine.go:107.2,109.16 2 0
golanglearning/new_project/for-gong-zhong-hao/Concurrent-practice/best/best-practice-for-goroutine.go:98.29,100.24 2 0
golanglearning/new_project/for-gong-zhong-hao/Concurrent-practice/best/best-practice-for-goroutine.go:100.24,104.4 3 0
golanglearning/new_project/for-gong-zhong-hao/Concurrent-practice/best/best-practice-for-goroutine.go:113.15,126.27 3 1
golanglearning/new_project/for-gong-zhong-hao/Concurrent-practice/best/best-practice-for-goroutine.go:130.2,130.35 1 1
golanglearning/new_project/for-gong-zhong-hao/Concurrent-practice/best/best-practice-for-goroutine.go:126.27,128.3 1 3
golanglearning/new_project/for-gong-zhong-hao/Concurrent-practice/best/best-practice-for-goroutine.go:134.62,142.29 4 0
golanglearning/new_project/for-gong-zhong-hao/Concurrent-practice/best/best-practice-for-goroutine.go:153.2,156.16 2 0
golanglearning/new_project/for-gong-zhong-hao/Concurrent-practice/best/best-practice-for-goroutine.go:142.29,144.24 2 0
golanglearning/new_project/for-gong-zhong-hao/Concurrent-practice/best/best-practice-for-goroutine.go:144.24,149.4 3 0
golanglearning/new_project/for-gong-zhong-hao/Concurrent-practice/best/best-practice-for-goroutine.go:163.66,172.29 5 1
golanglearning/new_project/for-gong-zhong-hao/Concurrent-practice/best/best-practice-for-goroutine.go:192.2,192.41 1 1
golanglearning/new_project/for-gong-zhong-hao/Concurrent-practice/best/best-practice-for-goroutine.go:197.2,200.16 2 1
golanglearning/new_project/for-gong-zhong-hao/Concurrent-practice/best/best-practice-for-goroutine.go:172.29,174.24 2 3
golanglearning/new_project/for-gong-zhong-hao/Concurrent-practice/best/best-practice-for-goroutine.go:174.24,177.8 2 3
golanglearning/new_project/for-gong-zhong-hao/Concurrent-practice/best/best-practice-for-goroutine.go:177.8,178.12 1 6
golanglearning/new_project/for-gong-zhong-hao/Concurrent-practice/best/best-practice-for-goroutine.go:179.40,180.38 1 3
golanglearning/new_project/for-gong-zhong-hao/Concurrent-practice/best/best-practice-for-goroutine.go:181.22,183.12 2 3
golanglearning/new_project/for-gong-zhong-hao/Concurrent-practice/best/best-practice-for-goroutine.go:192.41,194.3 1 1
golanglearning/new_project/for-gong-zhong-hao/Concurrent-practice/discuss-goroutine-quanity/discuss-goroutine-quanity.go:13.26,19.2 2 1
golanglearning/new_project/for-gong-zhong-hao/Concurrent-practice/discuss-goroutine-quanity/discuss-goroutine-quanity.go:24.36,26.32 2 0
golanglearning/new_project/for-gong-zhong-hao/Concurrent-practice/discuss-goroutine-quanity/discuss-goroutine-quanity.go:26.32,27.18 1 0
golanglearning/new_project/for-gong-zhong-hao/Concurrent-practice/discuss-goroutine-quanity/discuss-goroutine-quanity.go:27.18,29.4 1 0
golanglearning/new_project/for-gong-zhong-hao/Concurrent-practice/discuss-goroutine-quanity/discuss-goroutine-quanity.go:38.39,45.2 4 100
golanglearning/new_project/for-gong-zhong-hao/Concurrent-practice/discuss-goroutine-quanity/discuss-goroutine-quanity.go:47.34,53.32 3 1
golanglearning/new_project/for-gong-zhong-hao/Concurrent-practice/discuss-goroutine-quanity/discuss-goroutine-quanity.go:59.2,60.35 2 1
golanglearning/new_project/for-gong-zhong-hao/Concurrent-practice/discuss-goroutine-quanity/discuss-goroutine-quanity.go:53.32,57.3 3 100
golanglearning/new_project/for-gong-zhong-hao/Concurrent-practice/discuss-goroutine-quanity/discuss-goroutine-quanity.go:69.34,73.37 3 1
golanglearning/new_project/for-gong-zhong-hao/Concurrent-practice/discuss-goroutine-quanity/discuss-goroutine-quanity.go:77.2,80.32 2 1
golanglearning/new_project/for-gong-zhong-hao/Concurrent-practice/discuss-goroutine-quanity/discuss-goroutine-quanity.go:84.2,84.12 1 1
golanglearning/new_project/for-gong-zhong-hao/Concurrent-practice/discuss-goroutine-quanity/discuss-goroutine-quanity.go:73.37,75.3 1 5
golanglearning/new_project/for-gong-zhong-hao/Concurrent-practice/discuss-goroutine-quanity/discuss-goroutine-quanity.go:80.32,83.3 1 10
golanglearning/new_project/for-gong-zhong-hao/Concurrent-practice/discuss-goroutine-quanity/discuss-goroutine-quanity.go:88.38,92.2 2 10
golanglearning/new_project/for-gong-zhong-hao/Concurrent-practice/discuss-goroutine-quanity/discuss-goroutine-quanity.go:95.27,97.20 1 5
golanglearning/new_project/for-gong-zhong-hao/Concurrent-practice/discuss-goroutine-quanity/discuss-goroutine-quanity.go:97.20,101.3 2 10
golanglearning/new_project/for-gong-zhong-hao/Concurrent-practice/pool-practice/pool-practice.go:29.30,36.2 1 1
golanglearning/new_project/for-gong-zhong-hao/Concurrent-practice/pool-practice/pool-practice.go:40.37,41.9 1 49
golanglearning/new_project/for-gong-zhong-hao/Concurrent-practice/pool-practice/pool-practice.go:42.21,42.21 0 44
golanglearning/new_project/for-gong-zhong-hao/Concurrent-practice/pool-practice/pool-practice.go:43.27,44.20 1 5
golanglearning/new_project/for-gong-zhong-hao/Concurrent-practice/pool-practice/pool-practice.go:51.36,53.15 1 5
golanglearning/new_project/for-gong-zhong-hao/Concurrent-practice/pool-practice/pool-practice.go:54.2,54.6 1 5
golanglearning/new_project/for-gong-zhong-hao/Concurrent-practice/pool-practice/pool-practice.go:53.15,53.25 1 0
golanglearning/new_project/for-gong-zhong-hao/Concurrent-practice/pool-practice/pool-practice.go:54.6,60.3 2 49
golanglearning/new_project/for-gong-zhong-hao/Concurrent-practice/pool-practice/pool-practice.go:64.22,76.24 2 1
golanglearning/new_project/for-gong-zhong-hao/Concurrent-practice/pool-practice/pool-practice.go:86.2,86.29 1 1
golanglearning/new_project/for-gong-zhong-hao/Concurrent-practice/pool-practice/pool-practice.go:76.24,78.22 1 49
golanglearning/new_project/for-gong-zhong-hao/Concurrent-practice/pool-practice/pool-practice.go:78.22,81.4 2 49
golanglearning/new_project/for-gong-zhong-hao/Concurrent-practice/pool-practice/pool-practice2.go:22.58,28.26 2 1
golanglearning/new_project/for-gong-zhong-hao/Concurrent-practice/pool-practice/pool-practice2.go:37.2,37.17 1 1
golanglearning/new_project/for-gong-zhong-hao/Concurrent-practice/pool-practice/pool-practice2.go:28.26,30.44 1 0
golanglearning/new_project/for-gong-zhong-hao/Concurrent-practice/pool-practice/pool-practice2.go:30.44,32.4 1 0
golanglearning/new_project/for-gong-zhong-hao/Concurrent-practice/pool-practice/pool-practice2.go:43.71,45.21 1 12
golanglearning/new_project/for-gong-zhong-hao/Concurrent-practice/pool-practice/pool-practice2.go:50.2,50.17 1 12
golanglearning/new_project/for-gong-zhong-hao/Concurrent-practice/pool-practice/pool-practice2.go:56.2,56.9 1 12
golanglearning/new_project/for-gong-zhong-hao/Concurrent-practice/pool-practice/pool-practice2.go:45.21,46.37 1 1
golanglearning/new_project/for-gong-zhong-hao/Concurrent-practice/pool-practice/pool-practice2.go:46.37,48.4 1 10
golanglearning/new_project/for-gong-zhong-hao/Concurrent-practice/pool-practice/pool-practice2.go:50.17,54.3 1 12
golanglearning/new_project/for-gong-zhong-hao/Concurrent-practice/pool-practice/pool-practice2.go:57.23,58.18 1 12
golanglearning/new_project/for-gong-zhong-hao/Concurrent-practice/pool-practice/pool-practice2.go:59.29,60.50 1 0
golanglearning/new_project/for-gong-zhong-hao/Concurrent-practice/pool-practice/pool-practice2.go:65.50,67.9 1 12
golanglearning/new_project/for-gong-zhong-hao/Concurrent-practice/pool-practice/pool-practice2.go:68.20,70.13 2 12
golanglearning/new_project/for-gong-zhong-hao/Concurrent-practice/pool-practice/pool-practice2.go:71.10,72.54 1 0
golanglearning/new_project/for-gong-zhong-hao/Concurrent-practice/pool-practice/pool-practice2.go:78.22,83.16 3 1
golanglearning/new_project/for-gong-zhong-hao/Concurrent-practice/pool-practice/pool-practice2.go:86.2,89.16 3 1
golanglearning/new_project/for-gong-zhong-hao/Concurrent-practice/pool-practice/pool-practice2.go:94.2,94.26 1 1
golanglearning/new_project/for-gong-zhong-hao/Concurrent-practice/pool-practice/pool-practice2.go:107.2,107.41 1 1
golanglearning/new_project/for-gong-zhong-hao/Concurrent-practice/pool-practice/pool-practice2.go:83.16,85.3 1 0
golanglearning/new_project/for-gong-zhong-hao/Concurrent-practice/pool-practice/pool-practice2.go:89.16,91.3 1 0
golanglearning/new_project/for-gong-zhong-hao/Concurrent-practice/pool-practice/pool-practice2.go:94.26,95.59 1 11
golanglearning/new_project/for-gong-zhong-hao/Concurrent-practice/pool-practice/pool-practice2.go:95.59,98.4 2 0
golanglearning/new_project/for-gong-zhong-hao/Concurrent-practice/pool-practice/pool-practice2.go:98.9,100.43 2 11
golanglearning/new_project/for-gong-zhong-hao/Concurrent-practice/pool-practice/pool-practice2.go:100.43,103.5 2 0
golanglearning/new_project/for-gong-zhong-hao/Concurrent-practice/waitgroup-practice/use-waitgroup-limit-goroutine-count.go:27.40,33.14 2 1
golanglearning/new_project/for-gong-zhong-hao/Concurrent-practice/waitgroup-practice/use-waitgroup-limit-goroutine-count.go:37.2,37.11 1 1
golanglearning/new_project/for-gong-zhong-hao/Concurrent-practice/waitgroup-practice/use-waitgroup-limit-goroutine-count.go:33.14,35.3 1 1
golanglearning/new_project/for-gong-zhong-hao/Concurrent-practice/waitgroup-practice/use-waitgroup-limit-goroutine-count.go:42.33,43.17 1 6
golanglearning/new_project/for-gong-zhong-hao/Concurrent-practice/waitgroup-practice/use-waitgroup-limit-goroutine-count.go:46.2,46.21 1 6
golanglearning/new_project/for-gong-zhong-hao/Concurrent-practice/waitgroup-practice/use-waitgroup-limit-goroutine-count.go:43.17,45.3 1 6
golanglearning/new_project/for-gong-zhong-hao/Concurrent-practice/waitgroup-practice/use-waitgroup-limit-goroutine-count.go:50.29,51.17 1 6
golanglearning/new_project/for-gong-zhong-hao/Concurrent-practice/waitgroup-practice/use-waitgroup-limit-goroutine-count.go:54.2,54.21 1 6
golanglearning/new_project/for-gong-zhong-hao/Concurrent-practice/waitgroup-practice/use-waitgroup-limit-goroutine-count.go:51.17,53.3 1 6
golanglearning/new_project/for-gong-zhong-hao/Concurrent-practice/waitgroup-practice/use-waitgroup-limit-goroutine-count.go:57.29,59.2 1 1
golanglearning/new_project/for-gong-zhong-hao/Concurrent-practice/waitgroup-practice/use-waitgroup-limit-goroutine-count.go:61.43,63.2 1 0
golanglearning/new_project/for-gong-zhong-hao/Concurrent-practice/waitgroup-practice/use-waitgroup-limit-goroutine-count.go:65.27,79.27 3 1
golanglearning/new_project/for-gong-zhong-hao/Concurrent-practice/waitgroup-practice/use-waitgroup-limit-goroutine-count.go:104.2,106.25 2 1
golanglearning/new_project/for-gong-zhong-hao/Concurrent-practice/waitgroup-practice/use-waitgroup-limit-goroutine-count.go:79.27,81.23 2 6
golanglearning/new_project/for-gong-zhong-hao/Concurrent-practice/waitgroup-practice/use-waitgroup-limit-goroutine-count.go:81.23,84.18 3 6
golanglearning/new_project/for-gong-zhong-hao/Concurrent-practice/waitgroup-practice/use-waitgroup-limit-goroutine-count.go:88.4,88.27 1 0
golanglearning/new_project/for-gong-zhong-hao/Concurrent-practice/waitgroup-practice/use-waitgroup-limit-goroutine-count.go:84.18,87.5 2 6
golanglearning/new_project/for-gong-zhong-hao/Concurrent-practice/waitgroup-practice/waitgroup-practice.go:12.66,20.2 4 100
golanglearning/new_project/for-gong-zhong-hao/Concurrent-practice/waitgroup-practice/waitgroup-practice.go:22.17,23.33 1 1
golanglearning/new_project/for-gong-zhong-hao/Concurrent-practice/waitgroup-practice/waitgroup-practice.go:23.33,25.3 1 100
golanglearning/new_project/for-gong-zhong-hao/Concurrent-practice/waitgroup-practice/waitgroup-practice.go:29.27,38.27 6 1
golanglearning/new_project/for-gong-zhong-hao/Concurrent-practice/waitgroup-practice/waitgroup-practice.go:45.2,47.50 2 1
golanglearning/new_project/for-gong-zhong-hao/Concurrent-practice/waitgroup-practice/waitgroup-practice.go:38.27,43.3 4 100
golanglearning/new_project/for-gong-zhong-hao/Concurrent-practice/waitgroup-practice/waitgroup-practice2.go:13.88,22.2 4 100
golanglearning/new_project/for-gong-zhong-hao/Concurrent-practice/waitgroup-practice/waitgroup-practice2.go:24.38,35.12 7 1
golanglearning/new_project/for-gong-zhong-hao/Concurrent-practice/waitgroup-practice/waitgroup-practice2.go:43.2,43.27 1 1
golanglearning/new_project/for-gong-zhong-hao/Concurrent-practice/waitgroup-practice/waitgroup-practice2.go:51.2,55.15 4 1
golanglearning/new_project/for-gong-zhong-hao/Concurrent-practice/waitgroup-practice/waitgroup-practice2.go:35.12,37.28 2 1
golanglearning/new_project/for-gong-zhong-hao/Concurrent-practice/waitgroup-practice/waitgroup-practice2.go:40.3,40.20 1 1
golanglearning/new_project/for-gong-zhong-hao/Concurrent-practice/waitgroup-practice/waitgroup-practice2.go:37.28,39.4 1 100
golanglearning/new_project/for-gong-zhong-hao/Concurrent-practice/waitgroup-practice/waitgroup-practice2.go:43.27,49.3 3 100
golanglearning/new_project/for-gong-zhong-hao/Concurrent-practice/waitgroup-practice/waitgroup-practice2.go:60.27,62.27 2 1
golanglearning/new_project/for-gong-zhong-hao/Concurrent-practice/waitgroup-practice/waitgroup-practice2.go:67.2,70.21 4 1
golanglearning/new_project/for-gong-zhong-hao/Concurrent-practice/waitgroup-practice/waitgroup-practice2.go:62.27,65.3 2 100
golanglearning/new_project/for-gong-zhong-hao/Concurrent-practice/Cron-practice/cron-task.go:15.62,18.31 3 1
golanglearning/new_project/for-gong-zhong-hao/Concurrent-practice/Cron-practice/cron-task.go:28.2,28.11 1 1
golanglearning/new_project/for-gong-zhong-hao/Concurrent-practice/Cron-practice/cron-task.go:18.31,20.13 1 5
golanglearning/new_project/for-gong-zhong-hao/Concurrent-practice/Cron-practice/cron-task.go:20.13,23.4 2 5
golanglearning/new_project/for-gong-zhong-hao/Concurrent-practice/Cron-practice/cron-task.go:36.79,38.2 1 1
golanglearning/new_project/for-gong-zhong-hao/Concurrent-practice/Cron-practice/cron-task.go:41.17,47.15 3 1
golanglearning/new_project/for-gong-zhong-hao/Concurrent-practice/Cron-practice/cron-task.go:51.2,54.15 2 1
golanglearning/new_project/for-gong-zhong-hao/Concurrent-practice/Cron-practice/cron-task.go:57.2,63.12 3 1
golanglearning/new_project/for-gong-zhong-hao/Concurrent-practice/Cron-practice/cron-task.go:68.2,68.10 1 1
golanglearning/new_project/for-gong-zhong-hao/Concurrent-practice/Cron-practice/cron-task.go:47.15,49.3 1 5
golanglearning/new_project/for-gong-zhong-hao/Concurrent-practice/Cron-practice/cron-task.go:54.15,56.3 1 169
golanglearning/new_project/for-gong-zhong-hao/Concurrent-practice/Cron-practice/cron-task.go:63.12,66.3 2 1
golanglearning/new_project/for-gong-zhong-hao/Concurrent-practice/Cron-practice/cron-task1.go:15.35,22.50 4 1
golanglearning/new_project/for-gong-zhong-hao/Concurrent-practice/Cron-practice/cron-task1.go:25.2,28.29 3 1
golanglearning/new_project/for-gong-zhong-hao/Concurrent-practice/Cron-practice/cron-task1.go:22.50,24.3 1 6
golanglearning/new_project/for-gong-zhong-hao/Concurrent-practice/Cron-practice/cron-task1.go:33.19,42.2 5 1
golanglearning/new_project/for-gong-zhong-hao/Concurrent-practice/Cron-practice/cron-task1.go:49.22,51.2 1 66
golanglearning/new_project/for-gong-zhong-hao/Concurrent-practice/Cron-practice/cron-task1.go:57.22,59.2 1 33
golanglearning/new_project/for-gong-zhong-hao/Concurrent-practice/Cron-practice/cron-task1.go:61.37,77.2 8 1
golanglearning/new_project/for-gong-zhong-hao/Concurrent-practice/Cron-practice/time-ticker.go:9.19,12.31 2 1
golanglearning/new_project/for-gong-zhong-hao/Concurrent-practice/Cron-practice/time-ticker.go:22.2,25.6 3 1
golanglearning/new_project/for-gong-zhong-hao/Concurrent-practice/Cron-practice/time-ticker.go:12.31,13.27 1 1
golanglearning/new_project/for-gong-zhong-hao/Concurrent-practice/Cron-practice/time-ticker.go:19.3,19.12 1 1
golanglearning/new_project/for-gong-zhong-hao/Concurrent-practice/Cron-practice/time-ticker.go:13.27,17.4 3 10
golanglearning/new_project/for-gong-zhong-hao/Concurrent-practice/Cron-practice/time-ticker.go:25.6,26.10 1 20
golanglearning/new_project/for-gong-zhong-hao/Concurrent-practice/Cron-practice/time-ticker.go:27.27,28.11 1 11
golanglearning/new_project/for-gong-zhong-hao/Concurrent-practice/Cron-practice/time-ticker.go:32.4,32.20 1 10
golanglearning/new_project/for-gong-zhong-hao/Concurrent-practice/Cron-practice/time-ticker.go:33.19,35.34 2 3
golanglearning/new_project/for-gong-zhong-hao/Concurrent-practice/Cron-practice/time-ticker.go:36.19,38.33 2 6
golanglearning/new_project/for-gong-zhong-hao/Concurrent-practice/Cron-practice/time-ticker.go:28.11,31.5 2 1
golanglearning/new_project/for-gong-zhong-hao/Concurrent-practice/channel-mode/Sequential-execute-goroutine.go:20.37,38.2 12 0
golanglearning/new_project/for-gong-zhong-hao/Concurrent-practice/channel-mode/Sequential-execute-goroutine.go:40.55,48.2 5 0
golanglearning/new_project/for-gong-zhong-hao/Concurrent-practice/channel-mode/Sequential-execute-goroutine.go:50.55,58.2 5 0
golanglearning/new_project/for-gong-zhong-hao/Concurrent-practice/channel-mode/Sequential-execute-goroutine.go:60.50,66.2 3 0
golanglearning/new_project/for-gong-zhong-hao/Concurrent-practice/channel-mode/channel-mode.go:15.20,23.2 7 1
golanglearning/new_project/for-gong-zhong-hao/Concurrent-practice/channel-mode/channel-mode.go:28.22,31.34 2 1
golanglearning/new_project/for-gong-zhong-hao/Concurrent-practice/channel-mode/channel-mode.go:43.2,51.37 5 1
golanglearning/new_project/for-gong-zhong-hao/Concurrent-practice/channel-mode/channel-mode.go:31.34,40.3 3 1
golanglearning/new_project/for-gong-zhong-hao/Concurrent-practice/channel-mode/channel-mode.go:59.15,63.32 3 1
golanglearning/new_project/for-gong-zhong-hao/Concurrent-practice/channel-mode/channel-mode.go:75.2,75.19 1 1
golanglearning/new_project/for-gong-zhong-hao/Concurrent-practice/channel-mode/channel-mode.go:82.2,83.40 2 1
golanglearning/new_project/for-gong-zhong-hao/Concurrent-practice/channel-mode/channel-mode.go:63.32,64.44 1 2000
golanglearning/new_project/for-gong-zhong-hao/Concurrent-practice/channel-mode/channel-mode.go:64.44,71.4 3 2000
golanglearning/new_project/for-gong-zhong-hao/Concurrent-practice/channel-mode/channel-mode.go:75.19,81.3 4 2000
golanglearning/new_project/for-gong-zhong-hao/Concurrent-practice/channel-mode/channel-mode.go:91.20,96.32 2 0
golanglearning/new_project/for-gong-zhong-hao/Concurrent-practice/channel-mode/channel-mode.go:103.2,111.32 5 0
golanglearning/new_project/for-gong-zhong-hao/Concurrent-practice/channel-mode/channel-mode.go:96.32,100.3 2 0
golanglearning/new_project/for-gong-zhong-hao/Concurrent-practice/channel-mode/channel-mode.go:118.21,123.32 2 1
golanglearning/new_project/for-gong-zhong-hao/Concurrent-practice/channel-mode/channel-mode.go:141.2,144.28 2 1
golanglearning/new_project/for-gong-zhong-hao/Concurrent-practice/channel-mode/channel-mode.go:149.2,153.32 4 0
golanglearning/new_project/for-gong-zhong-hao/Concurrent-practice/channel-mode/channel-mode.go:123.32,125.7 1 1
golanglearning/new_project/for-gong-zhong-hao/Concurrent-practice/channel-mode/channel-mode.go:125.7,126.11 1 297
golanglearning/new_project/for-gong-zhong-hao/Concurrent-practice/channel-mode/channel-mode.go:127.25,129.32 2 296
golanglearning/new_project/for-gong-zhong-hao/Concurrent-practice/channel-mode/channel-mode.go:130.12,132.28 2 1
golanglearning/new_project/for-gong-zhong-hao/Concurrent-practice/channel-mode/channel-mode.go:144.28,148.3 2 346
golanglearning/new_project/for-gong-zhong-hao/Concurrent-practice/channel-mode/channel-mode.go:161.16,165.25 3 0
golanglearning/new_project/for-gong-zhong-hao/Concurrent-practice/channel-mode/channel-mode.go:186.2,188.28 2 0
golanglearning/new_project/for-gong-zhong-hao/Concurrent-practice/channel-mode/channel-mode.go:193.2,199.35 4 0
golanglearning/new_project/for-gong-zhong-hao/Concurrent-practice/channel-mode/channel-mode.go:165.25,166.44 1 0
golanglearning/new_project/for-gong-zhong-hao/Concurrent-practice/channel-mode/channel-mode.go:166.44,168.28 1 0
golanglearning/new_project/for-gong-zhong-hao/Concurrent-practice/channel-mode/channel-mode.go:181.4,181.60 1 0
golanglearning/new_project/for-gong-zhong-hao/Concurrent-practice/channel-mode/channel-mode.go:168.28,170.5 1 0
golanglearning/new_project/for-gong-zhong-hao/Concurrent-practice/channel-mode/channel-mode.go:188.28,191.3 2 0
golanglearning/new_project/for-gong-zhong-hao/Concurrent-practice/channel-mode/channel-mode.go:205.13,209.32 3 0
golanglearning/new_project/for-gong-zhong-hao/Concurrent-practice/channel-mode/channel-mode.go:217.2,219.28 2 0
golanglearning/new_project/for-gong-zhong-hao/Concurrent-practice/channel-mode/channel-mode.go:228.2,231.34 4 0
golanglearning/new_project/for-gong-zhong-hao/Concurrent-practice/channel-mode/channel-mode.go:209.32,211.27 1 0
golanglearning/new_project/for-gong-zhong-hao/Concurrent-practice/channel-mode/channel-mode.go:211.27,213.4 1 0
golanglearning/new_project/for-gong-zhong-hao/Concurrent-practice/channel-mode/channel-mode.go:219.28,221.10 1 0
golanglearning/new_project/for-gong-zhong-hao/Concurrent-practice/channel-mode/channel-mode.go:222.39,223.44 1 0
golanglearning/new_project/for-gong-zhong-hao/Concurrent-practice/channel-mode/channel-mode.go:224.11,225.45 1 0
golanglearning/new_project/for-gong-zhong-hao/Concurrent-practice/channel-mode/channel-mode.go:238.21,246.32 6 0
golanglearning/new_project/for-gong-zhong-hao/Concurrent-practice/channel-mode/channel-mode.go:252.2,252.9 1 0
golanglearning/new_project/for-gong-zhong-hao/Concurrent-practice/channel-mode/channel-mode.go:246.32,250.3 2 0
golanglearning/new_project/for-gong-zhong-hao/Concurrent-practice/channel-mode/channel-mode.go:253.17,254.34 1 0
golanglearning/new_project/for-gong-zhong-hao/Concurrent-practice/channel-mode/channel-mode.go:255.20,256.32 1 0
golanglearning/new_project/for-gong-zhong-hao/Concurrent-practice/channel-mode/channel-mode.go:268.18,274.32 5 0
golanglearning/new_project/for-gong-zhong-hao/Concurrent-practice/channel-mode/channel-mode.go:291.2,291.19 1 0
golanglearning/new_project/for-gong-zhong-hao/Concurrent-practice/channel-mode/channel-mode.go:298.2,299.30 2 0
golanglearning/new_project/for-gong-zhong-hao/Concurrent-practice/channel-mode/channel-mode.go:274.32,276.22 1 0
golanglearning/new_project/for-gong-zhong-hao/Concurrent-practice/channel-mode/channel-mode.go:276.22,279.4 2 0
golanglearning/new_project/for-gong-zhong-hao/Concurrent-practice/channel-mode/channel-mode.go:285.4,285.9 1 0
golanglearning/new_project/for-gong-zhong-hao/Concurrent-practice/channel-mode/channel-mode.go:279.4,284.5 4 0
golanglearning/new_project/for-gong-zhong-hao/Concurrent-practice/channel-mode/channel-mode.go:291.19,296.3 4 0
golanglearning/new_project/for-gong-zhong-hao/Concurrent-practice/channel-mode/channel-mode.go:305.108,306.6 1 0
golanglearning/new_project/for-gong-zhong-hao/Concurrent-practice/channel-mode/channel-mode.go:306.6,309.36 2 0
golanglearning/new_project/for-gong-zhong-hao/Concurrent-practice/channel-mode/channel-mode.go:315.3,316.23 2 0
golanglearning/new_project/for-gong-zhong-hao/Concurrent-practice/channel-mode/channel-mode.go:322.3,325.10 3 0
golanglearning/new_project/for-gong-zhong-hao/Concurrent-practice/channel-mode/channel-mode.go:309.36,314.4 2 0
golanglearning/new_project/for-gong-zhong-hao/Concurrent-practice/channel-mode/channel-mode.go:316.23,321.4 2 0
golanglearning/new_project/for-gong-zhong-hao/Concurrent-practice/channel-mode/channel-mode.go:326.21,330.10 3 0
golanglearning/new_project/for-gong-zhong-hao/Concurrent-practice/channel-mode/channel-mode.go:332.14,333.30 1 0
golanglearning/new_project/for-gong-zhong-hao/Concurrent-practice/channel-mode/channel-mode.go:340.48,343.12 3 0
golanglearning/new_project/for-gong-zhong-hao/Concurrent-practice/channel-mode/channel-mode.go:352.2,352.37 1 0
golanglearning/new_project/for-gong-zhong-hao/Concurrent-practice/channel-mode/channel-mode.go:343.12,344.10 1 0
golanglearning/new_project/for-gong-zhong-hao/Concurrent-practice/channel-mode/channel-mode.go:345.15,346.12 1 0
golanglearning/new_project/for-gong-zhong-hao/Concurrent-practice/channel-mode/channel-mode.go:347.21,347.21 0 0
golanglearning/new_project/for-gong-zhong-hao/Concurrent-practice/channel-mode/channel-mode.go:352.37,360.17 2 0
golanglearning/new_project/for-gong-zhong-hao/Concurrent-practice/channel-mode/channel-mode.go:366.3,367.17 2 0
golanglearning/new_project/for-gong-zhong-hao/Concurrent-practice/channel-mode/channel-mode.go:371.3,371.13 1 0
golanglearning/new_project/for-gong-zhong-hao/Concurrent-practice/channel-mode/channel-mode.go:360.17,362.4 1 0
golanglearning/new_project/for-gong-zhong-hao/Concurrent-practice/channel-mode/channel-mode.go:367.17,370.4 1 0
golanglearning/new_project/for-gong-zhong-hao/Concurrent-practice/channel-mode/demo1.go:16.48,18.27 2 0
golanglearning/new_project/for-gong-zhong-hao/Concurrent-practice/channel-mode/demo1.go:24.2,24.11 1 0
golanglearning/new_project/for-gong-zhong-hao/Concurrent-practice/channel-mode/demo1.go:18.27,20.21 2 0
golanglearning/new_project/for-gong-zhong-hao/Concurrent-practice/channel-mode/demo1.go:20.21,22.4 1 0
golanglearning/new_project/for-gong-zhong-hao/Concurrent-practice/channel-mode/demo1.go:29.52,32.6 2 0
golanglearning/new_project/for-gong-zhong-hao/Concurrent-practice/channel-mode/demo1.go:41.2,41.8 1 0
golanglearning/new_project/for-gong-zhong-hao/Concurrent-practice/channel-mode/demo1.go:32.6,35.10 3 0
golanglearning/new_project/for-gong-zhong-hao/Concurrent-practice/channel-mode/demo1.go:38.3,38.17 1 0
golanglearning/new_project/for-gong-zhong-hao/Concurrent-practice/channel-mode/demo1.go:35.10,36.9 1 0
golanglearning/new_project/for-gong-zhong-hao/Concurrent-practice/channel-mode/demo1.go:45.18,61.9 9 0
golanglearning/new_project/for-gong-zhong-hao/Concurrent-practice/channel-mode/demo1.go:68.2,68.56 1 0
golanglearning/new_project/for-gong-zhong-hao/Concurrent-practice/channel-mode/demo1.go:62.15,63.9 1 0
golanglearning/new_project/for-gong-zhong-hao/Concurrent-practice/channel-mode/demo1.go:64.10,65.12 1 0
golanglearning/new_project/for-gong-zhong-hao/Concurrent-practice/channel-mode/demo2.go:21.19,30.54 4 0
golanglearning/new_project/for-gong-zhong-hao/Concurrent-practice/channel-mode/demo2.go:40.2,43.12 3 0
golanglearning/new_project/for-gong-zhong-hao/Concurrent-practice/channel-mode/demo2.go:50.2,50.12 1 0
golanglearning/new_project/for-gong-zhong-hao/Concurrent-practice/channel-mode/demo2.go:57.2,57.26 1 0
golanglearning/new_project/for-gong-zhong-hao/Concurrent-practice/channel-mode/demo2.go:63.2,69.53 4 0
golanglearning/new_project/for-gong-zhong-hao/Concurrent-practice/channel-mode/demo2.go:30.54,31.30 1 0
golanglearning/new_project/for-gong-zhong-hao/Concurrent-practice/channel-mode/demo2.go:34.3,34.15 1 0
golanglearning/new_project/for-gong-zhong-hao/Concurrent-practice/channel-mode/demo2.go:31.30,33.4 1 0
golanglearning/new_project/for-gong-zhong-hao/Concurrent-practice/channel-mode/demo2.go:43.12,45.24 2 0
golanglearning/new_project/for-gong-zhong-hao/Concurrent-practice/channel-mode/demo2.go:45.24,47.4 1 0
golanglearning/new_project/for-gong-zhong-hao/Concurrent-practice/channel-mode/demo2.go:50.12,52.27 2 0
golanglearning/new_project/for-gong-zhong-hao/Concurrent-practice/channel-mode/demo2.go:52.27,54.4 1 0
golanglearning/new_project/for-gong-zhong-hao/Concurrent-practice/channel-mode/demo2.go:57.26,61.3 3 0
golanglearning/new_project/for-gong-zhong-hao/Concurrent-practice/timeout-practice/Brief-Introduction-to-Concurrency-Control.go:18.29,23.2 3 1
golanglearning/new_project/for-gong-zhong-hao/Concurrent-practice/timeout-practice/Brief-Introduction-to-Concurrency-Control.go:26.21,30.25 3 1
golanglearning/new_project/for-gong-zhong-hao/Concurrent-practice/timeout-practice/Brief-Introduction-to-Concurrency-Control.go:41.2,43.41 2 1
golanglearning/new_project/for-gong-zhong-hao/Concurrent-practice/timeout-practice/Brief-Introduction-to-Concurrency-Control.go:30.25,31.22 1 3
golanglearning/new_project/for-gong-zhong-hao/Concurrent-practice/timeout-practice/Brief-Introduction-to-Concurrency-Control.go:31.22,36.4 2 3
golanglearning/new_project/for-gong-zhong-hao/Concurrent-practice/timeout-practice/Brief-Introduction-to-Concurrency-Control.go:49.23,52.12 2 1
golanglearning/new_project/for-gong-zhong-hao/Concurrent-practice/timeout-practice/Brief-Introduction-to-Concurrency-Control.go:68.2,72.29 4 1
golanglearning/new_project/for-gong-zhong-hao/Concurrent-practice/timeout-practice/Brief-Introduction-to-Concurrency-Control.go:52.12,54.7 1 1
golanglearning/new_project/for-gong-zhong-hao/Concurrent-practice/timeout-practice/Brief-Introduction-to-Concurrency-Control.go:54.7,55.11 1 4
golanglearning/new_project/for-gong-zhong-hao/Concurrent-practice/timeout-practice/Brief-Introduction-to-Concurrency-Control.go:56.16,58.11 2 1
golanglearning/new_project/for-gong-zhong-hao/Concurrent-practice/timeout-practice/Brief-Introduction-to-Concurrency-Control.go:59.12,61.32 2 3
golanglearning/new_project/for-gong-zhong-hao/Concurrent-practice/timeout-practice/Brief-Introduction-to-Concurrency-Control.go:77.42,80.6 2 1
golanglearning/new_project/for-gong-zhong-hao/Concurrent-practice/timeout-practice/Brief-Introduction-to-Concurrency-Control.go:80.6,81.10 1 3
golanglearning/new_project/for-gong-zhong-hao/Concurrent-practice/timeout-practice/Brief-Introduction-to-Concurrency-Control.go:82.21,84.10 2 1
golanglearning/new_project/for-gong-zhong-hao/Concurrent-practice/timeout-practice/Brief-Introduction-to-Concurrency-Control.go:85.11,88.31 2 2
golanglearning/new_project/for-gong-zhong-hao/Concurrent-practice/timeout-practice/Brief-Introduction-to-Concurrency-Control.go:94.42,95.6 1 1
golanglearning/new_project/for-gong-zhong-hao/Concurrent-practice/timeout-practice/Brief-Introduction-to-Concurrency-Control.go:95.6,96.10 1 3
golanglearning/new_project/for-gong-zhong-hao/Concurrent-practice/timeout-practice/Brief-Introduction-to-Concurrency-Control.go:97.21,99.10 2 1
golanglearning/new_project/for-gong-zhong-hao/Concurrent-practice/timeout-practice/Brief-Introduction-to-Concurrency-Control.go:100.11,103.31 2 2
golanglearning/new_project/for-gong-zhong-hao/Concurrent-practice/timeout-practice/Brief-Introduction-to-Concurrency-Control.go:108.19,121.2 7 1
golanglearning/new_project/for-gong-zhong-hao/Concurrent-practice/timeout-practice/ContextMechanism.go:12.24,17.2 3 0
golanglearning/new_project/for-gong-zhong-hao/Concurrent-practice/timeout-practice/ContextMechanism.go:21.25,25.26 3 0
golanglearning/new_project/for-gong-zhong-hao/Concurrent-practice/timeout-practice/ContextMechanism.go:29.2,31.29 3 0
golanglearning/new_project/for-gong-zhong-hao/Concurrent-practice/timeout-practice/ContextMechanism.go:25.26,27.3 1 0
golanglearning/new_project/for-gong-zhong-hao/Concurrent-practice/timeout-practice/ContextMechanism.go:35.46,37.6 2 0
golanglearning/new_project/for-gong-zhong-hao/Concurrent-practice/timeout-practice/ContextMechanism.go:37.6,40.10 2 0
golanglearning/new_project/for-gong-zhong-hao/Concurrent-practice/timeout-practice/ContextMechanism.go:49.3,49.6 1 0
golanglearning/new_project/for-gong-zhong-hao/Concurrent-practice/timeout-practice/ContextMechanism.go:41.21,44.10 3 0
golanglearning/new_project/for-gong-zhong-hao/Concurrent-practice/timeout-practice/ContextMechanism.go:45.11,46.54 1 0
golanglearning/new_project/for-gong-zhong-hao/Concurrent-practice/timeout-practice/ContextMechanism.go:56.26,60.26 3 0
golanglearning/new_project/for-gong-zhong-hao/Concurrent-practice/timeout-practice/ContextMechanism.go:64.2,66.29 3 0
golanglearning/new_project/for-gong-zhong-hao/Concurrent-practice/timeout-practice/ContextMechanism.go:60.26,62.3 1 0
golanglearning/new_project/for-gong-zhong-hao/Concurrent-practice/timeout-practice/select-timeout-practice.go:17.22,22.2 1 1
golanglearning/new_project/for-gong-zhong-hao/Concurrent-practice/timeout-practice/select-timeout-practice.go:25.21,32.2 4 0
golanglearning/new_project/for-gong-zhong-hao/Concurrent-practice/timeout-practice/select-timeout-practice.go:36.22,39.12 2 0
golanglearning/new_project/for-gong-zhong-hao/Concurrent-practice/timeout-practice/select-timeout-practice.go:48.2,48.6 1 0
golanglearning/new_project/for-gong-zhong-hao/Concurrent-practice/timeout-practice/select-timeout-practice.go:39.12,40.27 1 0
golanglearning/new_project/for-gong-zhong-hao/Concurrent-practice/timeout-practice/select-timeout-practice.go:44.3,44.12 1 0
golanglearning/new_project/for-gong-zhong-hao/Concurrent-practice/timeout-practice/select-timeout-practice.go:40.27,43.4 2 0
golanglearning/new_project/for-gong-zhong-hao/Concurrent-practice/timeout-practice/select-timeout-practice.go:48.6,50.10 1 0
golanglearning/new_project/for-gong-zhong-hao/Concurrent-practice/timeout-practice/select-timeout-practice.go:51.24,52.11 1 0
golanglearning/new_project/for-gong-zhong-hao/Concurrent-practice/timeout-practice/select-timeout-practice.go:57.4,57.51 1 0
golanglearning/new_project/for-gong-zhong-hao/Concurrent-practice/timeout-practice/select-timeout-practice.go:58.45,59.40 1 0
golanglearning/new_project/for-gong-zhong-hao/Concurrent-practice/timeout-practice/select-timeout-practice.go:52.11,56.5 3 0
golanglearning/new_project/for-gong-zhong-hao/Concurrent-practice/timeout-practice/select-timeout-practice.go:66.21,68.9 1 0
golanglearning/new_project/for-gong-zhong-hao/Concurrent-practice/timeout-practice/select-timeout-practice.go:69.37,70.41 1 0
golanglearning/new_project/for-gong-zhong-hao/Concurrent-practice/timeout-practice/select-timeout-practice.go:71.36,72.40 1 0
golanglearning/new_project/for-gong-zhong-hao/Concurrent-practice/timeout-practice/select-timeout-practice.go:80.21,83.6 1 1
golanglearning/new_project/for-gong-zhong-hao/Concurrent-practice/timeout-practice/select-timeout-practice.go:83.6,85.10 1 289
golanglearning/new_project/for-gong-zhong-hao/Concurrent-practice/timeout-practice/select-timeout-practice.go:86.38,87.51 1 0
golanglearning/new_project/for-gong-zhong-hao/Concurrent-practice/timeout-practice/select-timeout-practice.go:88.37,89.50 1 288
golanglearning/new_project/for-gong-zhong-hao/Concurrent-practice/timeout-practice/select-timeout-practice.go:96.21,100.6 3 0
golanglearning/new_project/for-gong-zhong-hao/Concurrent-practice/timeout-practice/select-timeout-practice.go:100.6,101.10 1 0
golanglearning/new_project/for-gong-zhong-hao/Concurrent-practice/timeout-practice/select-timeout-practice.go:102.17,103.51 1 0
golanglearning/new_project/for-gong-zhong-hao/Concurrent-practice/timeout-practice/select-timeout-practice.go:104.16,105.50 1 0
golanglearning/new_project/for-gong-zhong-hao/Concurrent-practice/timeout-practice/some-ways-to-build-timeout-mechanism.go:18.20,26.31 4 0
golanglearning/new_project/for-gong-zhong-hao/Concurrent-practice/timeout-practice/some-ways-to-build-timeout-mechanism.go:33.2,33.9 1 0
golanglearning/new_project/for-gong-zhong-hao/Concurrent-practice/timeout-practice/some-ways-to-build-timeout-mechanism.go:26.31,31.3 2 0
golanglearning/new_project/for-gong-zhong-hao/Concurrent-practice/timeout-practice/some-ways-to-build-timeout-mechanism.go:34.20,36.9 2 0
golanglearning/new_project/for-gong-zhong-hao/Concurrent-practice/timeout-practice/some-ways-to-build-timeout-mechanism.go:37.33,39.9 2 0
golanglearning/new_project/for-gong-zhong-hao/Concurrent-practice/timeout-practice/some-ways-to-build-timeout-mechanism.go:46.20,50.12 4 0
golanglearning/new_project/for-gong-zhong-hao/Concurrent-practice/timeout-practice/some-ways-to-build-timeout-mechanism.go:54.2,54.9 1 0
golanglearning/new_project/for-gong-zhong-hao/Concurrent-practice/timeout-practice/some-ways-to-build-timeout-mechanism.go:50.13,52.3 0 0
golanglearning/new_project/for-gong-zhong-hao/Concurrent-practice/timeout-practice/some-ways-to-build-timeout-mechanism.go:55.20,59.9 4 0
golanglearning/new_project/for-gong-zhong-hao/Concurrent-practice/timeout-practice/some-ways-to-build-timeout-mechanism.go:60.17,62.9 2 0
golanglearning/new_project/for-gong-zhong-hao/Concurrent-practice/timeout-practice/some-ways-to-build-timeout-mechanism.go:69.20,73.12 2 0
golanglearning/new_project/for-gong-zhong-hao/Concurrent-practice/timeout-practice/some-ways-to-build-timeout-mechanism.go:79.2,79.9 1 0
golanglearning/new_project/for-gong-zhong-hao/Concurrent-practice/timeout-practice/some-ways-to-build-timeout-mechanism.go:73.12,77.3 2 0
golanglearning/new_project/for-gong-zhong-hao/Concurrent-practice/timeout-practice/some-ways-to-build-timeout-mechanism.go:80.14,82.9 2 0
golanglearning/new_project/for-gong-zhong-hao/Concurrent-practice/timeout-practice/some-ways-to-build-timeout-mechanism.go:83.59,85.9 2 0
golanglearning/new_project/for-gong-zhong-hao/Concurrent-practice/timeout-practice/some-ways-to-build-timeout-mechanism.go:91.20,95.25 3 0
golanglearning/new_project/for-gong-zhong-hao/Concurrent-practice/timeout-practice/some-ways-to-build-timeout-mechanism.go:108.2,112.37 5 0
golanglearning/new_project/for-gong-zhong-hao/Concurrent-practice/timeout-practice/some-ways-to-build-timeout-mechanism.go:95.25,97.7 2 0
golanglearning/new_project/for-gong-zhong-hao/Concurrent-practice/timeout-practice/some-ways-to-build-timeout-mechanism.go:97.7,98.11 1 0
golanglearning/new_project/for-gong-zhong-hao/Concurrent-practice/timeout-practice/some-ways-to-build-timeout-mechanism.go:99.15,101.29 2 0
golanglearning/new_project/for-gong-zhong-hao/Concurrent-practice/timeout-practice/some-ways-to-build-timeout-mechanism.go:102.17,103.31 1 0
golanglearning/new_project/for-gong-zhong-hao/Concurrent-practice/timeout-practice/some-ways-to-build-timeout-mechanism.go:118.20,122.26 3 0
golanglearning/new_project/for-gong-zhong-hao/Concurrent-practice/timeout-practice/some-ways-to-build-timeout-mechanism.go:141.2,144.41 4 0
golanglearning/new_project/for-gong-zhong-hao/Concurrent-practice/timeout-practice/some-ways-to-build-timeout-mechanism.go:122.26,125.7 2 0
golanglearning/new_project/for-gong-zhong-hao/Concurrent-practice/timeout-practice/some-ways-to-build-timeout-mechanism.go:125.7,126.11 1 0
golanglearning/new_project/for-gong-zhong-hao/Concurrent-practice/timeout-practice/some-ways-to-build-timeout-mechanism.go:127.15,128.35 1 0
golanglearning/new_project/for-gong-zhong-hao/Concurrent-practice/timeout-practice/some-ways-to-build-timeout-mechanism.go:130.25,131.13 1 0
golanglearning/new_project/for-gong-zhong-hao/Concurrent-practice/timeout-practice/some-ways-to-build-timeout-mechanism.go:131.13,134.6 2 0
golanglearning/new_project/for-gong-zhong-hao/Concurrent-practice/timeout-practice/some-ways-to-build-timeout-mechanism.go:150.24,166.2 7 1
golanglearning/new_project/for-gong-zhong-hao/Concurrent-practice/timeout-practice/some-ways-to-build-timeout-mechanism.go:169.46,170.6 1 2
golanglearning/new_project/for-gong-zhong-hao/Concurrent-practice/timeout-practice/some-ways-to-build-timeout-mechanism.go:170.6,171.10 1 8
golanglearning/new_project/for-gong-zhong-hao/Concurrent-practice/timeout-practice/some-ways-to-build-timeout-mechanism.go:172.21,174.10 2 2
golanglearning/new_project/for-gong-zhong-hao/Concurrent-practice/timeout-practice/some-ways-to-build-timeout-mechanism.go:175.11,177.31 2 6
